2017-08-22 00:54:00	JCSMR027497.local:63712	INFO	system_details : system=Darwin Kernel Version 16.7.0: Thu Jun 15 17:36:27 PDT 2017; root:xnu-3789.70.16~2/RELEASE_X86_64
2017-08-22 00:54:00	JCSMR027497.local:63712	INFO	python : 3.5.2
2017-08-22 00:54:00	JCSMR027497.local:63712	INFO	user : yichengzhu
2017-08-22 00:54:00	JCSMR027497.local:63712	INFO	command_string : /Users/yichengzhu/miniconda3/envs/py35/bin/mutation_analysis nbr -1 ../results/ENU_variants/counts/sex_chroms/directions/freq_All-chrom_All-GC_All-AtoG.txt -2 ../results/germline_variants/counts/sex_chroms/directions/freq_All-chrom_All-GC_All-AtoG.txt -o ../results/ENU_vs_germline/sex_chroms/directions/AtoG
2017-08-22 00:54:00	JCSMR027497.local:63712	INFO	vars : {'countsfile2': '../results/germline_variants/counts/sex_chroms/directions/freq_All-chrom_All-GC_All-AtoG.txt', 'outpath': '../results/ENU_vs_germline/sex_chroms/directions/AtoG', 'first_order': False, 'plot_cfg': None, 'format': 'pdf', 'group_label': None, 'countsfile': '../results/ENU_variants/counts/sex_chroms/directions/freq_All-chrom_All-GC_All-AtoG.txt', 'strand_symmetry': False, 'verbose': False, 'group_ref': None, 'no_type3': False, 'dry_run': False}
2017-08-22 00:54:00	JCSMR027497.local:63712	INFO	countsfile1_path : /Users/yichengzhu/Desktop/Yicheng_Zhu/ENU_Project/results/ENU_variants/counts/sex_chroms/directions/freq_All-chrom_All-GC_All-AtoG.txt
2017-08-22 00:54:00	JCSMR027497.local:63712	INFO	countsfile1_path md5sum : 8d293d4edbcc28f92b396a8c98a53c25
2017-08-22 00:54:00	JCSMR027497.local:63712	INFO	countsfile2_path : /Users/yichengzhu/Desktop/Yicheng_Zhu/ENU_Project/results/germline_variants/counts/sex_chroms/directions/freq_All-chrom_All-GC_All-AtoG.txt
2017-08-22 00:54:00	JCSMR027497.local:63712	INFO	countsfile2_path md5sum : 88158717a36c0d275e1153195b16fa07
2017-08-22 00:54:00	JCSMR027497.local:63712	INFO	group_counts : /Users/yichengzhu/Desktop/Yicheng_Zhu/ENU_Project/results/ENU_vs_germline/sex_chroms/directions/AtoG/group_counts_table.txt
2017-08-22 00:54:00	JCSMR027497.local:63712	INFO	group_counts md5sum : a21ea899a57904e4c9b903792847db1a
2017-08-22 00:54:01	JCSMR027497.local:63712	INFO	analysis1 : /Users/yichengzhu/Desktop/Yicheng_Zhu/ENU_Project/results/ENU_vs_germline/sex_chroms/directions/AtoG/1.json
2017-08-22 00:54:01	JCSMR027497.local:63712	INFO	analysis1 md5sum : e3eefc735b6b92b07cda58b513eb9a24
2017-08-22 00:54:01	JCSMR027497.local:63712	INFO	analysis2 : /Users/yichengzhu/Desktop/Yicheng_Zhu/ENU_Project/results/ENU_vs_germline/sex_chroms/directions/AtoG/2.json
2017-08-22 00:54:01	JCSMR027497.local:63712	INFO	analysis2 md5sum : 5cc028323d6a7071fe12f6d6b90d1dbe
2017-08-22 00:54:03	JCSMR027497.local:63712	INFO	analysis3 : /Users/yichengzhu/Desktop/Yicheng_Zhu/ENU_Project/results/ENU_vs_germline/sex_chroms/directions/AtoG/3.json
2017-08-22 00:54:03	JCSMR027497.local:63712	INFO	analysis3 md5sum : 82e64fc6913d8ee7d57ff28d609f299a
2017-08-22 00:54:19	JCSMR027497.local:63712	INFO	analysis4 : /Users/yichengzhu/Desktop/Yicheng_Zhu/ENU_Project/results/ENU_vs_germline/sex_chroms/directions/AtoG/4.json
2017-08-22 00:54:19	JCSMR027497.local:63712	INFO	analysis4 md5sum : 024bb829a42c346c8007d0a38f432761
2017-08-22 00:54:21	JCSMR027497.local:63712	INFO	summary : /Users/yichengzhu/Desktop/Yicheng_Zhu/ENU_Project/results/ENU_vs_germline/sex_chroms/directions/AtoG/summary.txt
2017-08-22 00:54:21	JCSMR027497.local:63712	INFO	summary md5sum : 8ea229c89745f33e56175d7ba52cca57
