2017-08-22 00:53:15	JCSMR027497.local:63686	INFO	system_details : system=Darwin Kernel Version 16.7.0: Thu Jun 15 17:36:27 PDT 2017; root:xnu-3789.70.16~2/RELEASE_X86_64
2017-08-22 00:53:15	JCSMR027497.local:63686	INFO	python : 3.5.2
2017-08-22 00:53:15	JCSMR027497.local:63686	INFO	user : yichengzhu
2017-08-22 00:53:15	JCSMR027497.local:63686	INFO	command_string : /Users/yichengzhu/miniconda3/envs/py35/bin/mutation_analysis nbr -1 ../results/ENU_variants/counts/autosomes/directions/freq_All-chrom_All-GC_All-AtoC.txt -2 ../results/germline_variants/counts/autosomes/directions/freq_All-chrom_All-GC_All-AtoC.txt -o ../results/ENU_vs_germline/autosomes/directions/AtoC
2017-08-22 00:53:15	JCSMR027497.local:63686	INFO	vars : {'strand_symmetry': False, 'plot_cfg': None, 'no_type3': False, 'first_order': False, 'countsfile': '../results/ENU_variants/counts/autosomes/directions/freq_All-chrom_All-GC_All-AtoC.txt', 'outpath': '../results/ENU_vs_germline/autosomes/directions/AtoC', 'group_ref': None, 'countsfile2': '../results/germline_variants/counts/autosomes/directions/freq_All-chrom_All-GC_All-AtoC.txt', 'verbose': False, 'dry_run': False, 'format': 'pdf', 'group_label': None}
2017-08-22 00:53:15	JCSMR027497.local:63686	INFO	countsfile1_path : /Users/yichengzhu/Desktop/Yicheng_Zhu/ENU_Project/results/ENU_variants/counts/autosomes/directions/freq_All-chrom_All-GC_All-AtoC.txt
2017-08-22 00:53:15	JCSMR027497.local:63686	INFO	countsfile1_path md5sum : 62103e26ef8d444d661fcd2575185666
2017-08-22 00:53:15	JCSMR027497.local:63686	INFO	countsfile2_path : /Users/yichengzhu/Desktop/Yicheng_Zhu/ENU_Project/results/germline_variants/counts/autosomes/directions/freq_All-chrom_All-GC_All-AtoC.txt
2017-08-22 00:53:15	JCSMR027497.local:63686	INFO	countsfile2_path md5sum : a93c2262c377087a9022778ac02fa679
2017-08-22 00:53:15	JCSMR027497.local:63686	INFO	group_counts : /Users/yichengzhu/Desktop/Yicheng_Zhu/ENU_Project/results/ENU_vs_germline/autosomes/directions/AtoC/group_counts_table.txt
2017-08-22 00:53:15	JCSMR027497.local:63686	INFO	group_counts md5sum : 35cce928aa68f1b31a3b39f5c9709b00
2017-08-22 00:53:15	JCSMR027497.local:63686	INFO	analysis1 : /Users/yichengzhu/Desktop/Yicheng_Zhu/ENU_Project/results/ENU_vs_germline/autosomes/directions/AtoC/1.json
2017-08-22 00:53:15	JCSMR027497.local:63686	INFO	analysis1 md5sum : 7b7274529c7cbf8e9b297f86efca6578
2017-08-22 00:53:15	JCSMR027497.local:63686	INFO	analysis2 : /Users/yichengzhu/Desktop/Yicheng_Zhu/ENU_Project/results/ENU_vs_germline/autosomes/directions/AtoC/2.json
2017-08-22 00:53:15	JCSMR027497.local:63686	INFO	analysis2 md5sum : a7fbf2c7264f6a7fe5a40eed93b00c96
2017-08-22 00:53:17	JCSMR027497.local:63686	INFO	analysis3 : /Users/yichengzhu/Desktop/Yicheng_Zhu/ENU_Project/results/ENU_vs_germline/autosomes/directions/AtoC/3.json
2017-08-22 00:53:17	JCSMR027497.local:63686	INFO	analysis3 md5sum : 7c2666ff25d54443515a18e21c959a0b
2017-08-22 00:53:23	JCSMR027497.local:63686	INFO	analysis4 : /Users/yichengzhu/Desktop/Yicheng_Zhu/ENU_Project/results/ENU_vs_germline/autosomes/directions/AtoC/4.json
2017-08-22 00:53:23	JCSMR027497.local:63686	INFO	analysis4 md5sum : c235a4cc85c18806c9edcd2969d9f685
2017-08-22 00:53:25	JCSMR027497.local:63686	INFO	summary : /Users/yichengzhu/Desktop/Yicheng_Zhu/ENU_Project/results/ENU_vs_germline/autosomes/directions/AtoC/summary.txt
2017-08-22 00:53:25	JCSMR027497.local:63686	INFO	summary md5sum : 6d99c44ab7373230fee7416543b2b702
