2017-12-13 16:01:50	fisher:108422	INFO	system_details : system=#83-Ubuntu SMP Wed Jan 18 14:10:15 UTC 2017
2017-12-13 16:01:50	fisher:108422	INFO	python : 3.5.2
2017-12-13 16:01:50	fisher:108422	INFO	user : yicheng
2017-12-13 16:01:50	fisher:108422	INFO	command_string : sample_train_test.py -e ../data/ENU_variants/SNVs20151101_chrom1 -g ../data/germline_variants/mouse_germline_All_88_chrom1 -o ../results/chrom1/3-mer/data_ratio_1/ -S 1493876701 -f 1 --train_size 0.0589 --test_size 0.0589 -d 1 --directions All -t 5
2017-12-13 16:01:50	fisher:108422	INFO	vars : {'enu_ratio': 1, 'test_size': '0.0589', 'train_size': '0.0589', 'seed': 1493876701, 'run_time': '5', 'feature_dim': 1, 'enu_prefix': '../data/ENU_variants/SNVs20151101_chrom1', 'ouput_path': '../results/chrom1/3-mer/data_ratio_1/', 'flank_size': 1, 'germline_prefix': '../data/germline_variants/mouse_germline_All_88_chrom1', 'directions': 'All'}
2017-12-13 16:01:50	fisher:108422	INFO	random_number_seed_3 : 1493876704
2017-12-13 16:01:50	fisher:108422	INFO	ENU_input_file : ../data/ENU_variants/SNVs20151101_chrom1.txt
2017-12-13 16:01:50	fisher:108422	INFO	germline_input_file : ../data/germline_variants/mouse_germline_All_88_chrom1.txt
2017-12-13 16:01:50	fisher:108422	INFO	training_file_path : ../results/chrom1/3-mer/data_ratio_1/direction_All/1_way_samples/train_size_2050/sample_3/training_3.csv.gz
2017-12-13 16:01:50	fisher:108422	INFO	testing_file_path : ../results/chrom1/3-mer/data_ratio_1/direction_All/1_way_samples/train_size_2050/sample_3/testing_3.csv.gz
2017-12-13 16:01:51	fisher:108422	INFO	system_details : system=#83-Ubuntu SMP Wed Jan 18 14:10:15 UTC 2017
2017-12-13 16:01:51	fisher:108422	INFO	python : 3.5.2
2017-12-13 16:01:51	fisher:108422	INFO	user : yicheng
2017-12-13 16:01:51	fisher:108422	INFO	command_string : sample_train_test.py -e ../data/ENU_variants/SNVs20151101_chrom1 -g ../data/germline_variants/mouse_germline_All_88_chrom1 -o ../results/chrom1/3-mer/data_ratio_1/ -S 1493876701 -f 1 --train_size 0.0589 --test_size 0.0589 -d 1 --directions All -t 5
2017-12-13 16:01:51	fisher:108422	INFO	vars : {'enu_ratio': 1, 'test_size': '0.0589', 'train_size': '0.0589', 'seed': 1493876701, 'run_time': '5', 'feature_dim': 1, 'enu_prefix': '../data/ENU_variants/SNVs20151101_chrom1', 'ouput_path': '../results/chrom1/3-mer/data_ratio_1/', 'flank_size': 1, 'germline_prefix': '../data/germline_variants/mouse_germline_All_88_chrom1', 'directions': 'All'}
2017-12-13 16:01:51	fisher:108422	INFO	random_number_seed_4 : 1493876707
2017-12-13 16:01:51	fisher:108422	INFO	ENU_input_file : ../data/ENU_variants/SNVs20151101_chrom1.txt
2017-12-13 16:01:51	fisher:108422	INFO	germline_input_file : ../data/germline_variants/mouse_germline_All_88_chrom1.txt
2017-12-13 16:01:51	fisher:108422	INFO	training_file_path : ../results/chrom1/3-mer/data_ratio_1/direction_All/1_way_samples/train_size_2050/sample_4/training_4.csv.gz
2017-12-13 16:01:51	fisher:108422	INFO	testing_file_path : ../results/chrom1/3-mer/data_ratio_1/direction_All/1_way_samples/train_size_2050/sample_4/testing_4.csv.gz
2017-12-13 16:01:51	fisher:108422	INFO	system_details : system=#83-Ubuntu SMP Wed Jan 18 14:10:15 UTC 2017
2017-12-13 16:01:51	fisher:108422	INFO	python : 3.5.2
2017-12-13 16:01:51	fisher:108422	INFO	user : yicheng
2017-12-13 16:01:51	fisher:108422	INFO	command_string : sample_train_test.py -e ../data/ENU_variants/SNVs20151101_chrom1 -g ../data/germline_variants/mouse_germline_All_88_chrom1 -o ../results/chrom1/3-mer/data_ratio_1/ -S 1493876701 -f 1 --train_size 0.0589 --test_size 0.0589 -d 1 --directions All -t 5
2017-12-13 16:01:51	fisher:108422	INFO	vars : {'enu_ratio': 1, 'test_size': '0.0589', 'train_size': '0.0589', 'seed': 1493876701, 'run_time': '5', 'feature_dim': 1, 'enu_prefix': '../data/ENU_variants/SNVs20151101_chrom1', 'ouput_path': '../results/chrom1/3-mer/data_ratio_1/', 'flank_size': 1, 'germline_prefix': '../data/germline_variants/mouse_germline_All_88_chrom1', 'directions': 'All'}
2017-12-13 16:01:51	fisher:108422	INFO	random_number_seed_5 : 1493876711
2017-12-13 16:01:51	fisher:108422	INFO	ENU_input_file : ../data/ENU_variants/SNVs20151101_chrom1.txt
2017-12-13 16:01:51	fisher:108422	INFO	germline_input_file : ../data/germline_variants/mouse_germline_All_88_chrom1.txt
2017-12-13 16:01:51	fisher:108422	INFO	training_file_path : ../results/chrom1/3-mer/data_ratio_1/direction_All/1_way_samples/train_size_2050/sample_5/training_5.csv.gz
2017-12-13 16:01:51	fisher:108422	INFO	testing_file_path : ../results/chrom1/3-mer/data_ratio_1/direction_All/1_way_samples/train_size_2050/sample_5/testing_5.csv.gz
2017-12-13 16:01:51	fisher:108422	INFO	run duration (minutes) : 0.06
