2017-08-22 01:16:17	JCSMR027497.local:64203	INFO	system_details : system=Darwin Kernel Version 16.7.0: Thu Jun 15 17:36:27 PDT 2017; root:xnu-3789.70.16~2/RELEASE_X86_64
2017-08-22 01:16:17	JCSMR027497.local:64203	INFO	python : 3.5.2
2017-08-22 01:16:17	JCSMR027497.local:64203	INFO	user : yichengzhu
2017-08-22 01:16:17	JCSMR027497.local:64203	INFO	command_string : /Users/yichengzhu/miniconda3/envs/py35/bin/mutation_analysis nbr -1 ../data/ENU_variants/counts/autosomes/directions/freq_All-chrom_All-GC_All-TtoG.txt -2 ../data/ENU_variants/counts/sex_chroms/directions/freq_All-chrom_All-GC_All-TtoG.txt -o ../results/ENU_A_vs_X/directions/TtoG
2017-08-22 01:16:17	JCSMR027497.local:64203	INFO	vars : {'countsfile': '../data/ENU_variants/counts/autosomes/directions/freq_All-chrom_All-GC_All-TtoG.txt', 'plot_cfg': None, 'format': 'pdf', 'outpath': '../results/ENU_A_vs_X/directions/TtoG', 'verbose': False, 'strand_symmetry': False, 'no_type3': False, 'group_ref': None, 'dry_run': False, 'countsfile2': '../data/ENU_variants/counts/sex_chroms/directions/freq_All-chrom_All-GC_All-TtoG.txt', 'group_label': None, 'first_order': False}
2017-08-22 01:16:17	JCSMR027497.local:64203	INFO	countsfile1_path : /Users/yichengzhu/Desktop/Yicheng_Zhu/ENU_Project/data/ENU_variants/counts/autosomes/directions/freq_All-chrom_All-GC_All-TtoG.txt
2017-08-22 01:16:17	JCSMR027497.local:64203	INFO	countsfile1_path md5sum : 867838f1a9f1a8f47734e71cd0861e72
2017-08-22 01:16:17	JCSMR027497.local:64203	INFO	countsfile2_path : /Users/yichengzhu/Desktop/Yicheng_Zhu/ENU_Project/data/ENU_variants/counts/sex_chroms/directions/freq_All-chrom_All-GC_All-TtoG.txt
2017-08-22 01:16:17	JCSMR027497.local:64203	INFO	countsfile2_path md5sum : ee81aa0bdb4c66923c3e9651c9deefaf
2017-08-22 01:16:17	JCSMR027497.local:64203	INFO	group_counts : /Users/yichengzhu/Desktop/Yicheng_Zhu/ENU_Project/results/ENU_A_vs_X/directions/TtoG/group_counts_table.txt
2017-08-22 01:16:17	JCSMR027497.local:64203	INFO	group_counts md5sum : 471d579f7c1c216948cf3222e1538015
2017-08-22 01:16:17	JCSMR027497.local:64203	INFO	analysis1 : /Users/yichengzhu/Desktop/Yicheng_Zhu/ENU_Project/results/ENU_A_vs_X/directions/TtoG/1.json
2017-08-22 01:16:17	JCSMR027497.local:64203	INFO	analysis1 md5sum : 231392c56ea0900b9ede617c20f722f5
2017-08-22 01:16:18	JCSMR027497.local:64203	INFO	analysis2 : /Users/yichengzhu/Desktop/Yicheng_Zhu/ENU_Project/results/ENU_A_vs_X/directions/TtoG/2.json
2017-08-22 01:16:18	JCSMR027497.local:64203	INFO	analysis2 md5sum : b71544ddbd6b4bf660faaa83f3102f54
2017-08-22 01:16:20	JCSMR027497.local:64203	INFO	analysis3 : /Users/yichengzhu/Desktop/Yicheng_Zhu/ENU_Project/results/ENU_A_vs_X/directions/TtoG/3.json
2017-08-22 01:16:20	JCSMR027497.local:64203	INFO	analysis3 md5sum : 35a608c50f9ead6ab0f4f10050589e9b
2017-08-22 01:16:37	JCSMR027497.local:64203	INFO	analysis4 : /Users/yichengzhu/Desktop/Yicheng_Zhu/ENU_Project/results/ENU_A_vs_X/directions/TtoG/4.json
2017-08-22 01:16:37	JCSMR027497.local:64203	INFO	analysis4 md5sum : 8e492ecd6cab3a360f70800f01550dac
2017-08-22 01:16:39	JCSMR027497.local:64203	INFO	summary : /Users/yichengzhu/Desktop/Yicheng_Zhu/ENU_Project/results/ENU_A_vs_X/directions/TtoG/summary.txt
2017-08-22 01:16:39	JCSMR027497.local:64203	INFO	summary md5sum : 671c7b08dcc5999aefbdee425b24d3c3
