2017-08-22 01:17:43	JCSMR027497.local:64242	INFO	system_details : system=Darwin Kernel Version 16.7.0: Thu Jun 15 17:36:27 PDT 2017; root:xnu-3789.70.16~2/RELEASE_X86_64
2017-08-22 01:17:43	JCSMR027497.local:64242	INFO	python : 3.5.2
2017-08-22 01:17:43	JCSMR027497.local:64242	INFO	user : yichengzhu
2017-08-22 01:17:43	JCSMR027497.local:64242	INFO	command_string : /Users/yichengzhu/miniconda3/envs/py35/bin/mutation_analysis nbr -1 ../data/germline_variants/counts/autosomes/directions/freq_All-chrom_All-GC_All-CtoA.txt -2 ../data/germline_variants/counts/sex_chroms/directions/freq_All-chrom_All-GC_All-CtoA.txt -o ../results/germline_A_vs_X/directions/CtoA
2017-08-22 01:17:43	JCSMR027497.local:64242	INFO	vars : {'strand_symmetry': False, 'outpath': '../results/germline_A_vs_X/directions/CtoA', 'verbose': False, 'dry_run': False, 'countsfile': '../data/germline_variants/counts/autosomes/directions/freq_All-chrom_All-GC_All-CtoA.txt', 'group_ref': None, 'group_label': None, 'format': 'pdf', 'first_order': False, 'countsfile2': '../data/germline_variants/counts/sex_chroms/directions/freq_All-chrom_All-GC_All-CtoA.txt', 'plot_cfg': None, 'no_type3': False}
2017-08-22 01:17:43	JCSMR027497.local:64242	INFO	countsfile1_path : /Users/yichengzhu/Desktop/Yicheng_Zhu/ENU_Project/data/germline_variants/counts/autosomes/directions/freq_All-chrom_All-GC_All-CtoA.txt
2017-08-22 01:17:43	JCSMR027497.local:64242	INFO	countsfile1_path md5sum : ab338a9c4641d027646ad75e927c6087
2017-08-22 01:17:43	JCSMR027497.local:64242	INFO	countsfile2_path : /Users/yichengzhu/Desktop/Yicheng_Zhu/ENU_Project/data/germline_variants/counts/sex_chroms/directions/freq_All-chrom_All-GC_All-CtoA.txt
2017-08-22 01:17:43	JCSMR027497.local:64242	INFO	countsfile2_path md5sum : ddc1d71092c5e870666f879c9e4b91ec
2017-08-22 01:17:43	JCSMR027497.local:64242	INFO	group_counts : /Users/yichengzhu/Desktop/Yicheng_Zhu/ENU_Project/results/germline_A_vs_X/directions/CtoA/group_counts_table.txt
2017-08-22 01:17:43	JCSMR027497.local:64242	INFO	group_counts md5sum : 158d42372ab61257b7c515af24bf3619
2017-08-22 01:17:43	JCSMR027497.local:64242	INFO	analysis1 : /Users/yichengzhu/Desktop/Yicheng_Zhu/ENU_Project/results/germline_A_vs_X/directions/CtoA/1.json
2017-08-22 01:17:43	JCSMR027497.local:64242	INFO	analysis1 md5sum : b3846930fc1ed98f86e7dc728a7ae5d6
2017-08-22 01:17:44	JCSMR027497.local:64242	INFO	analysis2 : /Users/yichengzhu/Desktop/Yicheng_Zhu/ENU_Project/results/germline_A_vs_X/directions/CtoA/2.json
2017-08-22 01:17:44	JCSMR027497.local:64242	INFO	analysis2 md5sum : 4f7304a033f076154b12b121e8136125
2017-08-22 01:17:46	JCSMR027497.local:64242	INFO	analysis3 : /Users/yichengzhu/Desktop/Yicheng_Zhu/ENU_Project/results/germline_A_vs_X/directions/CtoA/3.json
2017-08-22 01:17:46	JCSMR027497.local:64242	INFO	analysis3 md5sum : 88bbf1fe7be8005e28821c543dba6a1e
2017-08-22 01:18:03	JCSMR027497.local:64242	INFO	analysis4 : /Users/yichengzhu/Desktop/Yicheng_Zhu/ENU_Project/results/germline_A_vs_X/directions/CtoA/4.json
2017-08-22 01:18:03	JCSMR027497.local:64242	INFO	analysis4 md5sum : 31ebfee6d33a747e03b00c98f2de9b7e
2017-08-22 01:18:05	JCSMR027497.local:64242	INFO	summary : /Users/yichengzhu/Desktop/Yicheng_Zhu/ENU_Project/results/germline_A_vs_X/directions/CtoA/summary.txt
2017-08-22 01:18:05	JCSMR027497.local:64242	INFO	summary md5sum : ef6a21532cb0f7d9f17f64737426bf22
