2017-12-13 17:45:11	fisher:17000	INFO	system_details : system=#83-Ubuntu SMP Wed Jan 18 14:10:15 UTC 2017
2017-12-13 17:45:11	fisher:17000	INFO	python : 3.5.2
2017-12-13 17:45:11	fisher:17000	INFO	user : yicheng
2017-12-13 17:45:11	fisher:17000	INFO	command_string : sample_train_test.py -e ../data/ENU_variants/SNVs20151101_chrom1 -g ../data/germline_variants/mouse_germline_All_88_chrom1 -o ../results/chrom1/7-mer/data_ratio_1/ -S 1493876701 -f 3 --train_size 0.029 --test_size 0.029 -d 5 --directions All -t 5
2017-12-13 17:45:11	fisher:17000	INFO	vars : {'enu_prefix': '../data/ENU_variants/SNVs20151101_chrom1', 'run_time': '5', 'ouput_path': '../results/chrom1/7-mer/data_ratio_1/', 'feature_dim': 5, 'test_size': '0.029', 'flank_size': 3, 'enu_ratio': 1, 'train_size': '0.029', 'germline_prefix': '../data/germline_variants/mouse_germline_All_88_chrom1', 'seed': 1493876701, 'directions': 'All'}
2017-12-13 17:45:11	fisher:17000	INFO	random_number_seed_1 : 1493876701
2017-12-13 17:45:11	fisher:17000	INFO	ENU_input_file : ../data/ENU_variants/SNVs20151101_chrom1.txt
2017-12-13 17:45:11	fisher:17000	INFO	germline_input_file : ../data/germline_variants/mouse_germline_All_88_chrom1.txt
2017-12-13 17:45:11	fisher:17000	INFO	training_file_path : ../results/chrom1/7-mer/data_ratio_1/direction_All/5_way_samples/train_size_1009/sample_1/training_1.csv.gz
2017-12-13 17:45:16	fisher:17000	INFO	testing_file_path : ../results/chrom1/7-mer/data_ratio_1/direction_All/5_way_samples/train_size_1009/sample_1/testing_1.csv.gz
2017-12-13 17:45:54	fisher:17000	INFO	system_details : system=#83-Ubuntu SMP Wed Jan 18 14:10:15 UTC 2017
2017-12-13 17:45:54	fisher:17000	INFO	python : 3.5.2
2017-12-13 17:45:54	fisher:17000	INFO	user : yicheng
2017-12-13 17:45:54	fisher:17000	INFO	command_string : sample_train_test.py -e ../data/ENU_variants/SNVs20151101_chrom1 -g ../data/germline_variants/mouse_germline_All_88_chrom1 -o ../results/chrom1/7-mer/data_ratio_1/ -S 1493876701 -f 3 --train_size 0.029 --test_size 0.029 -d 5 --directions All -t 5
2017-12-13 17:45:54	fisher:17000	INFO	vars : {'enu_prefix': '../data/ENU_variants/SNVs20151101_chrom1', 'run_time': '5', 'ouput_path': '../results/chrom1/7-mer/data_ratio_1/', 'feature_dim': 5, 'test_size': '0.029', 'flank_size': 3, 'enu_ratio': 1, 'train_size': '0.029', 'germline_prefix': '../data/germline_variants/mouse_germline_All_88_chrom1', 'seed': 1493876701, 'directions': 'All'}
2017-12-13 17:45:54	fisher:17000	INFO	random_number_seed_2 : 1493876702
2017-12-13 17:45:54	fisher:17000	INFO	ENU_input_file : ../data/ENU_variants/SNVs20151101_chrom1.txt
2017-12-13 17:45:54	fisher:17000	INFO	germline_input_file : ../data/germline_variants/mouse_germline_All_88_chrom1.txt
2017-12-13 17:45:54	fisher:17000	INFO	training_file_path : ../results/chrom1/7-mer/data_ratio_1/direction_All/5_way_samples/train_size_1009/sample_2/training_2.csv.gz
2017-12-13 17:46:00	fisher:17000	INFO	testing_file_path : ../results/chrom1/7-mer/data_ratio_1/direction_All/5_way_samples/train_size_1009/sample_2/testing_2.csv.gz
2017-12-13 17:46:35	fisher:17000	INFO	system_details : system=#83-Ubuntu SMP Wed Jan 18 14:10:15 UTC 2017
2017-12-13 17:46:35	fisher:17000	INFO	python : 3.5.2
2017-12-13 17:46:35	fisher:17000	INFO	user : yicheng
2017-12-13 17:46:35	fisher:17000	INFO	command_string : sample_train_test.py -e ../data/ENU_variants/SNVs20151101_chrom1 -g ../data/germline_variants/mouse_germline_All_88_chrom1 -o ../results/chrom1/7-mer/data_ratio_1/ -S 1493876701 -f 3 --train_size 0.029 --test_size 0.029 -d 5 --directions All -t 5
2017-12-13 17:46:35	fisher:17000	INFO	vars : {'enu_prefix': '../data/ENU_variants/SNVs20151101_chrom1', 'run_time': '5', 'ouput_path': '../results/chrom1/7-mer/data_ratio_1/', 'feature_dim': 5, 'test_size': '0.029', 'flank_size': 3, 'enu_ratio': 1, 'train_size': '0.029', 'germline_prefix': '../data/germline_variants/mouse_germline_All_88_chrom1', 'seed': 1493876701, 'directions': 'All'}
2017-12-13 17:46:35	fisher:17000	INFO	random_number_seed_3 : 1493876704
2017-12-13 17:46:35	fisher:17000	INFO	ENU_input_file : ../data/ENU_variants/SNVs20151101_chrom1.txt
2017-12-13 17:46:35	fisher:17000	INFO	germline_input_file : ../data/germline_variants/mouse_germline_All_88_chrom1.txt
2017-12-13 17:46:35	fisher:17000	INFO	training_file_path : ../results/chrom1/7-mer/data_ratio_1/direction_All/5_way_samples/train_size_1009/sample_3/training_3.csv.gz
2017-12-13 17:46:41	fisher:17000	INFO	testing_file_path : ../results/chrom1/7-mer/data_ratio_1/direction_All/5_way_samples/train_size_1009/sample_3/testing_3.csv.gz
2017-12-13 17:47:28	fisher:17000	INFO	system_details : system=#83-Ubuntu SMP Wed Jan 18 14:10:15 UTC 2017
2017-12-13 17:47:28	fisher:17000	INFO	python : 3.5.2
2017-12-13 17:47:28	fisher:17000	INFO	user : yicheng
2017-12-13 17:47:28	fisher:17000	INFO	command_string : sample_train_test.py -e ../data/ENU_variants/SNVs20151101_chrom1 -g ../data/germline_variants/mouse_germline_All_88_chrom1 -o ../results/chrom1/7-mer/data_ratio_1/ -S 1493876701 -f 3 --train_size 0.029 --test_size 0.029 -d 5 --directions All -t 5
2017-12-13 17:47:28	fisher:17000	INFO	vars : {'enu_prefix': '../data/ENU_variants/SNVs20151101_chrom1', 'run_time': '5', 'ouput_path': '../results/chrom1/7-mer/data_ratio_1/', 'feature_dim': 5, 'test_size': '0.029', 'flank_size': 3, 'enu_ratio': 1, 'train_size': '0.029', 'germline_prefix': '../data/germline_variants/mouse_germline_All_88_chrom1', 'seed': 1493876701, 'directions': 'All'}
2017-12-13 17:47:28	fisher:17000	INFO	random_number_seed_4 : 1493876707
2017-12-13 17:47:28	fisher:17000	INFO	ENU_input_file : ../data/ENU_variants/SNVs20151101_chrom1.txt
2017-12-13 17:47:28	fisher:17000	INFO	germline_input_file : ../data/germline_variants/mouse_germline_All_88_chrom1.txt
2017-12-13 17:47:28	fisher:17000	INFO	training_file_path : ../results/chrom1/7-mer/data_ratio_1/direction_All/5_way_samples/train_size_1009/sample_4/training_4.csv.gz
2017-12-13 17:47:34	fisher:17000	INFO	testing_file_path : ../results/chrom1/7-mer/data_ratio_1/direction_All/5_way_samples/train_size_1009/sample_4/testing_4.csv.gz
2017-12-13 17:48:14	fisher:17000	INFO	system_details : system=#83-Ubuntu SMP Wed Jan 18 14:10:15 UTC 2017
2017-12-13 17:48:14	fisher:17000	INFO	python : 3.5.2
2017-12-13 17:48:14	fisher:17000	INFO	user : yicheng
2017-12-13 17:48:14	fisher:17000	INFO	command_string : sample_train_test.py -e ../data/ENU_variants/SNVs20151101_chrom1 -g ../data/germline_variants/mouse_germline_All_88_chrom1 -o ../results/chrom1/7-mer/data_ratio_1/ -S 1493876701 -f 3 --train_size 0.029 --test_size 0.029 -d 5 --directions All -t 5
2017-12-13 17:48:14	fisher:17000	INFO	vars : {'enu_prefix': '../data/ENU_variants/SNVs20151101_chrom1', 'run_time': '5', 'ouput_path': '../results/chrom1/7-mer/data_ratio_1/', 'feature_dim': 5, 'test_size': '0.029', 'flank_size': 3, 'enu_ratio': 1, 'train_size': '0.029', 'germline_prefix': '../data/germline_variants/mouse_germline_All_88_chrom1', 'seed': 1493876701, 'directions': 'All'}
2017-12-13 17:48:14	fisher:17000	INFO	random_number_seed_5 : 1493876711
2017-12-13 17:48:14	fisher:17000	INFO	ENU_input_file : ../data/ENU_variants/SNVs20151101_chrom1.txt
2017-12-13 17:48:14	fisher:17000	INFO	germline_input_file : ../data/germline_variants/mouse_germline_All_88_chrom1.txt
2017-12-13 17:48:14	fisher:17000	INFO	training_file_path : ../results/chrom1/7-mer/data_ratio_1/direction_All/5_way_samples/train_size_1009/sample_5/training_5.csv.gz
2017-12-13 17:48:21	fisher:17000	INFO	testing_file_path : ../results/chrom1/7-mer/data_ratio_1/direction_All/5_way_samples/train_size_1009/sample_5/testing_5.csv.gz
2017-12-13 17:48:27	fisher:17000	INFO	run duration (minutes) : 3.85
