2017-12-13 16:51:03	fisher:137198	INFO	system_details : system=#83-Ubuntu SMP Wed Jan 18 14:10:15 UTC 2017
2017-12-13 16:51:03	fisher:137198	INFO	python : 3.5.2
2017-12-13 16:51:03	fisher:137198	INFO	user : yicheng
2017-12-13 16:51:03	fisher:137198	INFO	command_string : sample_train_test.py -e ../data/ENU_variants/SNVs20151101_chrom1 -g ../data/germline_variants/mouse_germline_All_88_chrom1 -o ../results/chrom1/7-mer/data_ratio_1/ -S 1493876701 -f 3 --train_size 0.1178 --test_size 0.1178 -d 4 --directions All -t 5
2017-12-13 16:51:03	fisher:137198	INFO	vars : {'run_time': '5', 'feature_dim': 4, 'seed': 1493876701, 'germline_prefix': '../data/germline_variants/mouse_germline_All_88_chrom1', 'flank_size': 3, 'enu_prefix': '../data/ENU_variants/SNVs20151101_chrom1', 'ouput_path': '../results/chrom1/7-mer/data_ratio_1/', 'train_size': '0.1178', 'test_size': '0.1178', 'directions': 'All', 'enu_ratio': 1}
2017-12-13 16:51:03	fisher:137198	INFO	random_number_seed_2 : 1493876702
2017-12-13 16:51:03	fisher:137198	INFO	ENU_input_file : ../data/ENU_variants/SNVs20151101_chrom1.txt
2017-12-13 16:51:03	fisher:137198	INFO	germline_input_file : ../data/germline_variants/mouse_germline_All_88_chrom1.txt
2017-12-13 16:51:03	fisher:137198	INFO	training_file_path : ../results/chrom1/7-mer/data_ratio_1/direction_All/4_way_samples/train_size_4101/sample_2/training_2.csv.gz
2017-12-13 16:51:18	fisher:137198	INFO	testing_file_path : ../results/chrom1/7-mer/data_ratio_1/direction_All/4_way_samples/train_size_4101/sample_2/testing_2.csv.gz
2017-12-13 16:52:59	fisher:137198	INFO	system_details : system=#83-Ubuntu SMP Wed Jan 18 14:10:15 UTC 2017
2017-12-13 16:52:59	fisher:137198	INFO	python : 3.5.2
2017-12-13 16:52:59	fisher:137198	INFO	user : yicheng
2017-12-13 16:52:59	fisher:137198	INFO	command_string : sample_train_test.py -e ../data/ENU_variants/SNVs20151101_chrom1 -g ../data/germline_variants/mouse_germline_All_88_chrom1 -o ../results/chrom1/7-mer/data_ratio_1/ -S 1493876701 -f 3 --train_size 0.1178 --test_size 0.1178 -d 4 --directions All -t 5
2017-12-13 16:52:59	fisher:137198	INFO	vars : {'run_time': '5', 'feature_dim': 4, 'seed': 1493876701, 'germline_prefix': '../data/germline_variants/mouse_germline_All_88_chrom1', 'flank_size': 3, 'enu_prefix': '../data/ENU_variants/SNVs20151101_chrom1', 'ouput_path': '../results/chrom1/7-mer/data_ratio_1/', 'train_size': '0.1178', 'test_size': '0.1178', 'directions': 'All', 'enu_ratio': 1}
2017-12-13 16:52:59	fisher:137198	INFO	random_number_seed_3 : 1493876704
2017-12-13 16:52:59	fisher:137198	INFO	ENU_input_file : ../data/ENU_variants/SNVs20151101_chrom1.txt
2017-12-13 16:52:59	fisher:137198	INFO	germline_input_file : ../data/germline_variants/mouse_germline_All_88_chrom1.txt
2017-12-13 16:52:59	fisher:137198	INFO	training_file_path : ../results/chrom1/7-mer/data_ratio_1/direction_All/4_way_samples/train_size_4101/sample_3/training_3.csv.gz
2017-12-13 16:53:15	fisher:137198	INFO	testing_file_path : ../results/chrom1/7-mer/data_ratio_1/direction_All/4_way_samples/train_size_4101/sample_3/testing_3.csv.gz
2017-12-13 16:54:50	fisher:137198	INFO	system_details : system=#83-Ubuntu SMP Wed Jan 18 14:10:15 UTC 2017
2017-12-13 16:54:50	fisher:137198	INFO	python : 3.5.2
2017-12-13 16:54:50	fisher:137198	INFO	user : yicheng
2017-12-13 16:54:50	fisher:137198	INFO	command_string : sample_train_test.py -e ../data/ENU_variants/SNVs20151101_chrom1 -g ../data/germline_variants/mouse_germline_All_88_chrom1 -o ../results/chrom1/7-mer/data_ratio_1/ -S 1493876701 -f 3 --train_size 0.1178 --test_size 0.1178 -d 4 --directions All -t 5
2017-12-13 16:54:50	fisher:137198	INFO	vars : {'run_time': '5', 'feature_dim': 4, 'seed': 1493876701, 'germline_prefix': '../data/germline_variants/mouse_germline_All_88_chrom1', 'flank_size': 3, 'enu_prefix': '../data/ENU_variants/SNVs20151101_chrom1', 'ouput_path': '../results/chrom1/7-mer/data_ratio_1/', 'train_size': '0.1178', 'test_size': '0.1178', 'directions': 'All', 'enu_ratio': 1}
2017-12-13 16:54:50	fisher:137198	INFO	random_number_seed_4 : 1493876707
2017-12-13 16:54:50	fisher:137198	INFO	ENU_input_file : ../data/ENU_variants/SNVs20151101_chrom1.txt
2017-12-13 16:54:50	fisher:137198	INFO	germline_input_file : ../data/germline_variants/mouse_germline_All_88_chrom1.txt
2017-12-13 16:54:50	fisher:137198	INFO	training_file_path : ../results/chrom1/7-mer/data_ratio_1/direction_All/4_way_samples/train_size_4101/sample_4/training_4.csv.gz
2017-12-13 16:55:04	fisher:137198	INFO	testing_file_path : ../results/chrom1/7-mer/data_ratio_1/direction_All/4_way_samples/train_size_4101/sample_4/testing_4.csv.gz
2017-12-13 16:56:44	fisher:137198	INFO	system_details : system=#83-Ubuntu SMP Wed Jan 18 14:10:15 UTC 2017
2017-12-13 16:56:44	fisher:137198	INFO	python : 3.5.2
2017-12-13 16:56:44	fisher:137198	INFO	user : yicheng
2017-12-13 16:56:44	fisher:137198	INFO	command_string : sample_train_test.py -e ../data/ENU_variants/SNVs20151101_chrom1 -g ../data/germline_variants/mouse_germline_All_88_chrom1 -o ../results/chrom1/7-mer/data_ratio_1/ -S 1493876701 -f 3 --train_size 0.1178 --test_size 0.1178 -d 4 --directions All -t 5
2017-12-13 16:56:44	fisher:137198	INFO	vars : {'run_time': '5', 'feature_dim': 4, 'seed': 1493876701, 'germline_prefix': '../data/germline_variants/mouse_germline_All_88_chrom1', 'flank_size': 3, 'enu_prefix': '../data/ENU_variants/SNVs20151101_chrom1', 'ouput_path': '../results/chrom1/7-mer/data_ratio_1/', 'train_size': '0.1178', 'test_size': '0.1178', 'directions': 'All', 'enu_ratio': 1}
2017-12-13 16:56:44	fisher:137198	INFO	random_number_seed_5 : 1493876711
2017-12-13 16:56:44	fisher:137198	INFO	ENU_input_file : ../data/ENU_variants/SNVs20151101_chrom1.txt
2017-12-13 16:56:44	fisher:137198	INFO	germline_input_file : ../data/germline_variants/mouse_germline_All_88_chrom1.txt
2017-12-13 16:56:44	fisher:137198	INFO	training_file_path : ../results/chrom1/7-mer/data_ratio_1/direction_All/4_way_samples/train_size_4101/sample_5/training_5.csv.gz
2017-12-13 16:56:55	fisher:137198	INFO	testing_file_path : ../results/chrom1/7-mer/data_ratio_1/direction_All/4_way_samples/train_size_4101/sample_5/testing_5.csv.gz
2017-12-13 16:57:07	fisher:137198	INFO	run duration (minutes) : 9.41
