2017-08-22 00:56:11	JCSMR027497.local:63780	INFO	system_details : system=Darwin Kernel Version 16.7.0: Thu Jun 15 17:36:27 PDT 2017; root:xnu-3789.70.16~2/RELEASE_X86_64
2017-08-22 00:56:11	JCSMR027497.local:63780	INFO	python : 3.5.2
2017-08-22 00:56:11	JCSMR027497.local:63780	INFO	user : yichengzhu
2017-08-22 00:56:11	JCSMR027497.local:63780	INFO	command_string : /Users/yichengzhu/miniconda3/envs/py35/bin/mutation_analysis nbr -1 ../results/ENU_variants/counts/sex_chroms/directions/freq_All-chrom_All-GC_All-GtoA.txt -2 ../results/germline_variants/counts/sex_chroms/directions/freq_All-chrom_All-GC_All-GtoA.txt -o ../results/ENU_vs_germline/sex_chroms/directions/GtoA
2017-08-22 00:56:11	JCSMR027497.local:63780	INFO	vars : {'no_type3': False, 'plot_cfg': None, 'countsfile2': '../results/germline_variants/counts/sex_chroms/directions/freq_All-chrom_All-GC_All-GtoA.txt', 'group_ref': None, 'format': 'pdf', 'countsfile': '../results/ENU_variants/counts/sex_chroms/directions/freq_All-chrom_All-GC_All-GtoA.txt', 'strand_symmetry': False, 'first_order': False, 'group_label': None, 'outpath': '../results/ENU_vs_germline/sex_chroms/directions/GtoA', 'verbose': False, 'dry_run': False}
2017-08-22 00:56:11	JCSMR027497.local:63780	INFO	countsfile1_path : /Users/yichengzhu/Desktop/Yicheng_Zhu/ENU_Project/results/ENU_variants/counts/sex_chroms/directions/freq_All-chrom_All-GC_All-GtoA.txt
2017-08-22 00:56:11	JCSMR027497.local:63780	INFO	countsfile1_path md5sum : d077c42b2b73210a9954bebf8ebeafa1
2017-08-22 00:56:11	JCSMR027497.local:63780	INFO	countsfile2_path : /Users/yichengzhu/Desktop/Yicheng_Zhu/ENU_Project/results/germline_variants/counts/sex_chroms/directions/freq_All-chrom_All-GC_All-GtoA.txt
2017-08-22 00:56:11	JCSMR027497.local:63780	INFO	countsfile2_path md5sum : ed97f7b90a37efc997c77b47537fc3f3
2017-08-22 00:56:11	JCSMR027497.local:63780	INFO	group_counts : /Users/yichengzhu/Desktop/Yicheng_Zhu/ENU_Project/results/ENU_vs_germline/sex_chroms/directions/GtoA/group_counts_table.txt
2017-08-22 00:56:11	JCSMR027497.local:63780	INFO	group_counts md5sum : 5637322398049efbcf9bad26e13eb32f
2017-08-22 00:56:11	JCSMR027497.local:63780	INFO	analysis1 : /Users/yichengzhu/Desktop/Yicheng_Zhu/ENU_Project/results/ENU_vs_germline/sex_chroms/directions/GtoA/1.json
2017-08-22 00:56:11	JCSMR027497.local:63780	INFO	analysis1 md5sum : c23534deb9c4d806e93e69a022688407
2017-08-22 00:56:12	JCSMR027497.local:63780	INFO	analysis2 : /Users/yichengzhu/Desktop/Yicheng_Zhu/ENU_Project/results/ENU_vs_germline/sex_chroms/directions/GtoA/2.json
2017-08-22 00:56:12	JCSMR027497.local:63780	INFO	analysis2 md5sum : 6c71ccfb211b7f546fb5c36e0e95130b
2017-08-22 00:56:14	JCSMR027497.local:63780	INFO	analysis3 : /Users/yichengzhu/Desktop/Yicheng_Zhu/ENU_Project/results/ENU_vs_germline/sex_chroms/directions/GtoA/3.json
2017-08-22 00:56:14	JCSMR027497.local:63780	INFO	analysis3 md5sum : 625f9630db08e41f469d9daf92c0ed1e
2017-08-22 00:56:30	JCSMR027497.local:63780	INFO	analysis4 : /Users/yichengzhu/Desktop/Yicheng_Zhu/ENU_Project/results/ENU_vs_germline/sex_chroms/directions/GtoA/4.json
2017-08-22 00:56:30	JCSMR027497.local:63780	INFO	analysis4 md5sum : ce5f2946d45ab099d15c24291783a09b
2017-08-22 00:56:32	JCSMR027497.local:63780	INFO	summary : /Users/yichengzhu/Desktop/Yicheng_Zhu/ENU_Project/results/ENU_vs_germline/sex_chroms/directions/GtoA/summary.txt
2017-08-22 00:56:32	JCSMR027497.local:63780	INFO	summary md5sum : 3d73304eaa6d18856666b94750b4ccf7
