2017-12-13 16:11:55	fisher:40481	INFO	system_details : system=#83-Ubuntu SMP Wed Jan 18 14:10:15 UTC 2017
2017-12-13 16:11:55	fisher:40481	INFO	python : 3.5.2
2017-12-13 16:11:55	fisher:40481	INFO	user : yicheng
2017-12-13 16:11:55	fisher:40481	INFO	command_string : sample_train_test.py -e ../data/ENU_variants/SNVs20151101_chrom1 -g ../data/germline_variants/mouse_germline_All_88_chrom1 -o ../results/chrom1/5-mer/data_ratio_1/ -S 1493876701 -f 2 --train_size 0.029 --test_size 0.029 -d 4 --directions All -t 5
2017-12-13 16:11:55	fisher:40481	INFO	vars : {'run_time': '5', 'enu_prefix': '../data/ENU_variants/SNVs20151101_chrom1', 'directions': 'All', 'test_size': '0.029', 'ouput_path': '../results/chrom1/5-mer/data_ratio_1/', 'germline_prefix': '../data/germline_variants/mouse_germline_All_88_chrom1', 'seed': 1493876701, 'enu_ratio': 1, 'flank_size': 2, 'feature_dim': 4, 'train_size': '0.029'}
2017-12-13 16:11:55	fisher:40481	INFO	random_number_seed_1 : 1493876701
2017-12-13 16:11:55	fisher:40481	INFO	ENU_input_file : ../data/ENU_variants/SNVs20151101_chrom1.txt
2017-12-13 16:11:55	fisher:40481	INFO	germline_input_file : ../data/germline_variants/mouse_germline_All_88_chrom1.txt
2017-12-13 16:11:55	fisher:40481	INFO	training_file_path : ../results/chrom1/5-mer/data_ratio_1/direction_All/4_way_samples/train_size_1009/sample_1/training_1.csv.gz
2017-12-13 16:11:55	fisher:40481	INFO	testing_file_path : ../results/chrom1/5-mer/data_ratio_1/direction_All/4_way_samples/train_size_1009/sample_1/testing_1.csv.gz
2017-12-13 16:11:58	fisher:40481	INFO	system_details : system=#83-Ubuntu SMP Wed Jan 18 14:10:15 UTC 2017
2017-12-13 16:11:58	fisher:40481	INFO	python : 3.5.2
2017-12-13 16:11:58	fisher:40481	INFO	user : yicheng
2017-12-13 16:11:58	fisher:40481	INFO	command_string : sample_train_test.py -e ../data/ENU_variants/SNVs20151101_chrom1 -g ../data/germline_variants/mouse_germline_All_88_chrom1 -o ../results/chrom1/5-mer/data_ratio_1/ -S 1493876701 -f 2 --train_size 0.029 --test_size 0.029 -d 4 --directions All -t 5
2017-12-13 16:11:58	fisher:40481	INFO	vars : {'run_time': '5', 'enu_prefix': '../data/ENU_variants/SNVs20151101_chrom1', 'directions': 'All', 'test_size': '0.029', 'ouput_path': '../results/chrom1/5-mer/data_ratio_1/', 'germline_prefix': '../data/germline_variants/mouse_germline_All_88_chrom1', 'seed': 1493876701, 'enu_ratio': 1, 'flank_size': 2, 'feature_dim': 4, 'train_size': '0.029'}
2017-12-13 16:11:58	fisher:40481	INFO	random_number_seed_2 : 1493876702
2017-12-13 16:11:58	fisher:40481	INFO	ENU_input_file : ../data/ENU_variants/SNVs20151101_chrom1.txt
2017-12-13 16:11:58	fisher:40481	INFO	germline_input_file : ../data/germline_variants/mouse_germline_All_88_chrom1.txt
2017-12-13 16:11:58	fisher:40481	INFO	training_file_path : ../results/chrom1/5-mer/data_ratio_1/direction_All/4_way_samples/train_size_1009/sample_2/training_2.csv.gz
2017-12-13 16:11:59	fisher:40481	INFO	testing_file_path : ../results/chrom1/5-mer/data_ratio_1/direction_All/4_way_samples/train_size_1009/sample_2/testing_2.csv.gz
2017-12-13 16:12:01	fisher:40481	INFO	system_details : system=#83-Ubuntu SMP Wed Jan 18 14:10:15 UTC 2017
2017-12-13 16:12:01	fisher:40481	INFO	python : 3.5.2
2017-12-13 16:12:01	fisher:40481	INFO	user : yicheng
2017-12-13 16:12:01	fisher:40481	INFO	command_string : sample_train_test.py -e ../data/ENU_variants/SNVs20151101_chrom1 -g ../data/germline_variants/mouse_germline_All_88_chrom1 -o ../results/chrom1/5-mer/data_ratio_1/ -S 1493876701 -f 2 --train_size 0.029 --test_size 0.029 -d 4 --directions All -t 5
2017-12-13 16:12:01	fisher:40481	INFO	vars : {'run_time': '5', 'enu_prefix': '../data/ENU_variants/SNVs20151101_chrom1', 'directions': 'All', 'test_size': '0.029', 'ouput_path': '../results/chrom1/5-mer/data_ratio_1/', 'germline_prefix': '../data/germline_variants/mouse_germline_All_88_chrom1', 'seed': 1493876701, 'enu_ratio': 1, 'flank_size': 2, 'feature_dim': 4, 'train_size': '0.029'}
2017-12-13 16:12:01	fisher:40481	INFO	random_number_seed_3 : 1493876704
2017-12-13 16:12:01	fisher:40481	INFO	ENU_input_file : ../data/ENU_variants/SNVs20151101_chrom1.txt
2017-12-13 16:12:01	fisher:40481	INFO	germline_input_file : ../data/germline_variants/mouse_germline_All_88_chrom1.txt
2017-12-13 16:12:01	fisher:40481	INFO	training_file_path : ../results/chrom1/5-mer/data_ratio_1/direction_All/4_way_samples/train_size_1009/sample_3/training_3.csv.gz
2017-12-13 16:12:02	fisher:40481	INFO	testing_file_path : ../results/chrom1/5-mer/data_ratio_1/direction_All/4_way_samples/train_size_1009/sample_3/testing_3.csv.gz
2017-12-13 16:12:04	fisher:40481	INFO	system_details : system=#83-Ubuntu SMP Wed Jan 18 14:10:15 UTC 2017
2017-12-13 16:12:04	fisher:40481	INFO	python : 3.5.2
2017-12-13 16:12:04	fisher:40481	INFO	user : yicheng
2017-12-13 16:12:04	fisher:40481	INFO	command_string : sample_train_test.py -e ../data/ENU_variants/SNVs20151101_chrom1 -g ../data/germline_variants/mouse_germline_All_88_chrom1 -o ../results/chrom1/5-mer/data_ratio_1/ -S 1493876701 -f 2 --train_size 0.029 --test_size 0.029 -d 4 --directions All -t 5
2017-12-13 16:12:04	fisher:40481	INFO	vars : {'run_time': '5', 'enu_prefix': '../data/ENU_variants/SNVs20151101_chrom1', 'directions': 'All', 'test_size': '0.029', 'ouput_path': '../results/chrom1/5-mer/data_ratio_1/', 'germline_prefix': '../data/germline_variants/mouse_germline_All_88_chrom1', 'seed': 1493876701, 'enu_ratio': 1, 'flank_size': 2, 'feature_dim': 4, 'train_size': '0.029'}
2017-12-13 16:12:04	fisher:40481	INFO	random_number_seed_4 : 1493876707
2017-12-13 16:12:04	fisher:40481	INFO	ENU_input_file : ../data/ENU_variants/SNVs20151101_chrom1.txt
2017-12-13 16:12:04	fisher:40481	INFO	germline_input_file : ../data/germline_variants/mouse_germline_All_88_chrom1.txt
2017-12-13 16:12:04	fisher:40481	INFO	training_file_path : ../results/chrom1/5-mer/data_ratio_1/direction_All/4_way_samples/train_size_1009/sample_4/training_4.csv.gz
2017-12-13 16:12:05	fisher:40481	INFO	testing_file_path : ../results/chrom1/5-mer/data_ratio_1/direction_All/4_way_samples/train_size_1009/sample_4/testing_4.csv.gz
2017-12-13 16:12:07	fisher:40481	INFO	system_details : system=#83-Ubuntu SMP Wed Jan 18 14:10:15 UTC 2017
2017-12-13 16:12:07	fisher:40481	INFO	python : 3.5.2
2017-12-13 16:12:07	fisher:40481	INFO	user : yicheng
2017-12-13 16:12:07	fisher:40481	INFO	command_string : sample_train_test.py -e ../data/ENU_variants/SNVs20151101_chrom1 -g ../data/germline_variants/mouse_germline_All_88_chrom1 -o ../results/chrom1/5-mer/data_ratio_1/ -S 1493876701 -f 2 --train_size 0.029 --test_size 0.029 -d 4 --directions All -t 5
2017-12-13 16:12:07	fisher:40481	INFO	vars : {'run_time': '5', 'enu_prefix': '../data/ENU_variants/SNVs20151101_chrom1', 'directions': 'All', 'test_size': '0.029', 'ouput_path': '../results/chrom1/5-mer/data_ratio_1/', 'germline_prefix': '../data/germline_variants/mouse_germline_All_88_chrom1', 'seed': 1493876701, 'enu_ratio': 1, 'flank_size': 2, 'feature_dim': 4, 'train_size': '0.029'}
2017-12-13 16:12:07	fisher:40481	INFO	random_number_seed_5 : 1493876711
2017-12-13 16:12:07	fisher:40481	INFO	ENU_input_file : ../data/ENU_variants/SNVs20151101_chrom1.txt
2017-12-13 16:12:07	fisher:40481	INFO	germline_input_file : ../data/germline_variants/mouse_germline_All_88_chrom1.txt
2017-12-13 16:12:07	fisher:40481	INFO	training_file_path : ../results/chrom1/5-mer/data_ratio_1/direction_All/4_way_samples/train_size_1009/sample_5/training_5.csv.gz
2017-12-13 16:12:08	fisher:40481	INFO	testing_file_path : ../results/chrom1/5-mer/data_ratio_1/direction_All/4_way_samples/train_size_1009/sample_5/testing_5.csv.gz
2017-12-13 16:12:08	fisher:40481	INFO	run duration (minutes) : 0.25
