2017-08-22 01:15:31	JCSMR027497.local:64179	INFO	system_details : system=Darwin Kernel Version 16.7.0: Thu Jun 15 17:36:27 PDT 2017; root:xnu-3789.70.16~2/RELEASE_X86_64
2017-08-22 01:15:31	JCSMR027497.local:64179	INFO	python : 3.5.2
2017-08-22 01:15:31	JCSMR027497.local:64179	INFO	user : yichengzhu
2017-08-22 01:15:31	JCSMR027497.local:64179	INFO	command_string : /Users/yichengzhu/miniconda3/envs/py35/bin/mutation_analysis nbr -1 ../data/ENU_variants/counts/autosomes/directions/freq_All-chrom_All-GC_All-TtoA.txt -2 ../data/ENU_variants/counts/sex_chroms/directions/freq_All-chrom_All-GC_All-TtoA.txt -o ../results/ENU_A_vs_X/directions/TtoA
2017-08-22 01:15:31	JCSMR027497.local:64179	INFO	vars : {'plot_cfg': None, 'group_ref': None, 'outpath': '../results/ENU_A_vs_X/directions/TtoA', 'dry_run': False, 'no_type3': False, 'strand_symmetry': False, 'format': 'pdf', 'countsfile2': '../data/ENU_variants/counts/sex_chroms/directions/freq_All-chrom_All-GC_All-TtoA.txt', 'group_label': None, 'verbose': False, 'first_order': False, 'countsfile': '../data/ENU_variants/counts/autosomes/directions/freq_All-chrom_All-GC_All-TtoA.txt'}
2017-08-22 01:15:31	JCSMR027497.local:64179	INFO	countsfile1_path : /Users/yichengzhu/Desktop/Yicheng_Zhu/ENU_Project/data/ENU_variants/counts/autosomes/directions/freq_All-chrom_All-GC_All-TtoA.txt
2017-08-22 01:15:31	JCSMR027497.local:64179	INFO	countsfile1_path md5sum : 966cd23806d0d918a4ffb1390af3e7a2
2017-08-22 01:15:31	JCSMR027497.local:64179	INFO	countsfile2_path : /Users/yichengzhu/Desktop/Yicheng_Zhu/ENU_Project/data/ENU_variants/counts/sex_chroms/directions/freq_All-chrom_All-GC_All-TtoA.txt
2017-08-22 01:15:31	JCSMR027497.local:64179	INFO	countsfile2_path md5sum : e92cf8783dc668db9f7b6d3d0fb2216a
2017-08-22 01:15:31	JCSMR027497.local:64179	INFO	group_counts : /Users/yichengzhu/Desktop/Yicheng_Zhu/ENU_Project/results/ENU_A_vs_X/directions/TtoA/group_counts_table.txt
2017-08-22 01:15:31	JCSMR027497.local:64179	INFO	group_counts md5sum : 0917fb84f4057468d6a3400636cd32b9
2017-08-22 01:15:31	JCSMR027497.local:64179	INFO	analysis1 : /Users/yichengzhu/Desktop/Yicheng_Zhu/ENU_Project/results/ENU_A_vs_X/directions/TtoA/1.json
2017-08-22 01:15:31	JCSMR027497.local:64179	INFO	analysis1 md5sum : 1ea4a0e8f512123b6de69c0d2a8240de
2017-08-22 01:15:31	JCSMR027497.local:64179	INFO	analysis2 : /Users/yichengzhu/Desktop/Yicheng_Zhu/ENU_Project/results/ENU_A_vs_X/directions/TtoA/2.json
2017-08-22 01:15:31	JCSMR027497.local:64179	INFO	analysis2 md5sum : 32afe7a75813b4d5aade47e1e8dde081
2017-08-22 01:15:33	JCSMR027497.local:64179	INFO	analysis3 : /Users/yichengzhu/Desktop/Yicheng_Zhu/ENU_Project/results/ENU_A_vs_X/directions/TtoA/3.json
2017-08-22 01:15:33	JCSMR027497.local:64179	INFO	analysis3 md5sum : 40c385b928700a3c4a0a77d0414a85e7
2017-08-22 01:15:50	JCSMR027497.local:64179	INFO	analysis4 : /Users/yichengzhu/Desktop/Yicheng_Zhu/ENU_Project/results/ENU_A_vs_X/directions/TtoA/4.json
2017-08-22 01:15:50	JCSMR027497.local:64179	INFO	analysis4 md5sum : d393a9ac3c386a7a450a515cbfbdda81
2017-08-22 01:15:52	JCSMR027497.local:64179	INFO	summary : /Users/yichengzhu/Desktop/Yicheng_Zhu/ENU_Project/results/ENU_A_vs_X/directions/TtoA/summary.txt
2017-08-22 01:15:52	JCSMR027497.local:64179	INFO	summary md5sum : 73389b200db2781e1d9b80484953e629
