2017-08-22 01:16:40	JCSMR027497.local:64211	INFO	system_details : system=Darwin Kernel Version 16.7.0: Thu Jun 15 17:36:27 PDT 2017; root:xnu-3789.70.16~2/RELEASE_X86_64
2017-08-22 01:16:40	JCSMR027497.local:64211	INFO	python : 3.5.2
2017-08-22 01:16:40	JCSMR027497.local:64211	INFO	user : yichengzhu
2017-08-22 01:16:40	JCSMR027497.local:64211	INFO	command_string : /Users/yichengzhu/miniconda3/envs/py35/bin/mutation_analysis nbr -1 ../data/germline_variants/counts/autosomes/directions/freq_All-chrom_All-GC_All-AtoC.txt -2 ../data/germline_variants/counts/sex_chroms/directions/freq_All-chrom_All-GC_All-AtoC.txt -o ../results/germline_A_vs_X/directions/AtoC
2017-08-22 01:16:40	JCSMR027497.local:64211	INFO	vars : {'verbose': False, 'outpath': '../results/germline_A_vs_X/directions/AtoC', 'group_label': None, 'plot_cfg': None, 'countsfile': '../data/germline_variants/counts/autosomes/directions/freq_All-chrom_All-GC_All-AtoC.txt', 'first_order': False, 'group_ref': None, 'countsfile2': '../data/germline_variants/counts/sex_chroms/directions/freq_All-chrom_All-GC_All-AtoC.txt', 'dry_run': False, 'strand_symmetry': False, 'no_type3': False, 'format': 'pdf'}
2017-08-22 01:16:40	JCSMR027497.local:64211	INFO	countsfile1_path : /Users/yichengzhu/Desktop/Yicheng_Zhu/ENU_Project/data/germline_variants/counts/autosomes/directions/freq_All-chrom_All-GC_All-AtoC.txt
2017-08-22 01:16:40	JCSMR027497.local:64211	INFO	countsfile1_path md5sum : a93c2262c377087a9022778ac02fa679
2017-08-22 01:16:40	JCSMR027497.local:64211	INFO	countsfile2_path : /Users/yichengzhu/Desktop/Yicheng_Zhu/ENU_Project/data/germline_variants/counts/sex_chroms/directions/freq_All-chrom_All-GC_All-AtoC.txt
2017-08-22 01:16:40	JCSMR027497.local:64211	INFO	countsfile2_path md5sum : 6c5e0e8063c81574904e45aced64f07b
2017-08-22 01:16:40	JCSMR027497.local:64211	INFO	group_counts : /Users/yichengzhu/Desktop/Yicheng_Zhu/ENU_Project/results/germline_A_vs_X/directions/AtoC/group_counts_table.txt
2017-08-22 01:16:40	JCSMR027497.local:64211	INFO	group_counts md5sum : bcb9d98f87c5155bf9f277adf556f87a
2017-08-22 01:16:40	JCSMR027497.local:64211	INFO	analysis1 : /Users/yichengzhu/Desktop/Yicheng_Zhu/ENU_Project/results/germline_A_vs_X/directions/AtoC/1.json
2017-08-22 01:16:40	JCSMR027497.local:64211	INFO	analysis1 md5sum : e044f14d71a3491a1f19ad3975a1568c
2017-08-22 01:16:41	JCSMR027497.local:64211	INFO	analysis2 : /Users/yichengzhu/Desktop/Yicheng_Zhu/ENU_Project/results/germline_A_vs_X/directions/AtoC/2.json
2017-08-22 01:16:41	JCSMR027497.local:64211	INFO	analysis2 md5sum : 7564df7acfee6b7ac22fbb6256102baa
2017-08-22 01:16:43	JCSMR027497.local:64211	INFO	analysis3 : /Users/yichengzhu/Desktop/Yicheng_Zhu/ENU_Project/results/germline_A_vs_X/directions/AtoC/3.json
2017-08-22 01:16:43	JCSMR027497.local:64211	INFO	analysis3 md5sum : 7d9cc15d3062ca8893e291cff06b80de
2017-08-22 01:16:59	JCSMR027497.local:64211	INFO	analysis4 : /Users/yichengzhu/Desktop/Yicheng_Zhu/ENU_Project/results/germline_A_vs_X/directions/AtoC/4.json
2017-08-22 01:16:59	JCSMR027497.local:64211	INFO	analysis4 md5sum : fe48ddddb622221356eaac29ef2a241c
2017-08-22 01:17:01	JCSMR027497.local:64211	INFO	summary : /Users/yichengzhu/Desktop/Yicheng_Zhu/ENU_Project/results/germline_A_vs_X/directions/AtoC/summary.txt
2017-08-22 01:17:01	JCSMR027497.local:64211	INFO	summary md5sum : 54c14dc3d4ebabfc9a2bdc65bf810bd3
