2017-12-13 16:06:09	fisher:145181	INFO	system_details : system=#83-Ubuntu SMP Wed Jan 18 14:10:15 UTC 2017
2017-12-13 16:06:09	fisher:145181	INFO	python : 3.5.2
2017-12-13 16:06:09	fisher:145181	INFO	user : yicheng
2017-12-13 16:06:09	fisher:145181	INFO	command_string : sample_train_test.py -e ../data/ENU_variants/SNVs20151101_chrom1 -g ../data/germline_variants/mouse_germline_All_88_chrom1 -o ../results/chrom1/5-mer/data_ratio_1/ -S 1493876701 -f 2 --train_size 0.2945 --test_size 0.2945 -d 2 --directions All -t 5
2017-12-13 16:06:09	fisher:145181	INFO	vars : {'feature_dim': 2, 'seed': 1493876701, 'train_size': '0.2945', 'test_size': '0.2945', 'run_time': '5', 'directions': 'All', 'enu_prefix': '../data/ENU_variants/SNVs20151101_chrom1', 'enu_ratio': 1, 'germline_prefix': '../data/germline_variants/mouse_germline_All_88_chrom1', 'flank_size': 2, 'ouput_path': '../results/chrom1/5-mer/data_ratio_1/'}
2017-12-13 16:06:09	fisher:145181	INFO	random_number_seed_2 : 1493876702
2017-12-13 16:06:09	fisher:145181	INFO	ENU_input_file : ../data/ENU_variants/SNVs20151101_chrom1.txt
2017-12-13 16:06:09	fisher:145181	INFO	germline_input_file : ../data/germline_variants/mouse_germline_All_88_chrom1.txt
2017-12-13 16:06:09	fisher:145181	INFO	training_file_path : ../results/chrom1/5-mer/data_ratio_1/direction_All/2_way_samples/train_size_10255/sample_2/training_2.csv.gz
2017-12-13 16:06:11	fisher:145181	INFO	testing_file_path : ../results/chrom1/5-mer/data_ratio_1/direction_All/2_way_samples/train_size_10255/sample_2/testing_2.csv.gz
2017-12-13 16:06:16	fisher:145181	INFO	system_details : system=#83-Ubuntu SMP Wed Jan 18 14:10:15 UTC 2017
2017-12-13 16:06:16	fisher:145181	INFO	python : 3.5.2
2017-12-13 16:06:16	fisher:145181	INFO	user : yicheng
2017-12-13 16:06:16	fisher:145181	INFO	command_string : sample_train_test.py -e ../data/ENU_variants/SNVs20151101_chrom1 -g ../data/germline_variants/mouse_germline_All_88_chrom1 -o ../results/chrom1/5-mer/data_ratio_1/ -S 1493876701 -f 2 --train_size 0.2945 --test_size 0.2945 -d 2 --directions All -t 5
2017-12-13 16:06:16	fisher:145181	INFO	vars : {'feature_dim': 2, 'seed': 1493876701, 'train_size': '0.2945', 'test_size': '0.2945', 'run_time': '5', 'directions': 'All', 'enu_prefix': '../data/ENU_variants/SNVs20151101_chrom1', 'enu_ratio': 1, 'germline_prefix': '../data/germline_variants/mouse_germline_All_88_chrom1', 'flank_size': 2, 'ouput_path': '../results/chrom1/5-mer/data_ratio_1/'}
2017-12-13 16:06:16	fisher:145181	INFO	random_number_seed_3 : 1493876704
2017-12-13 16:06:16	fisher:145181	INFO	ENU_input_file : ../data/ENU_variants/SNVs20151101_chrom1.txt
2017-12-13 16:06:16	fisher:145181	INFO	germline_input_file : ../data/germline_variants/mouse_germline_All_88_chrom1.txt
2017-12-13 16:06:16	fisher:145181	INFO	training_file_path : ../results/chrom1/5-mer/data_ratio_1/direction_All/2_way_samples/train_size_10255/sample_3/training_3.csv.gz
2017-12-13 16:06:18	fisher:145181	INFO	testing_file_path : ../results/chrom1/5-mer/data_ratio_1/direction_All/2_way_samples/train_size_10255/sample_3/testing_3.csv.gz
2017-12-13 16:06:23	fisher:145181	INFO	system_details : system=#83-Ubuntu SMP Wed Jan 18 14:10:15 UTC 2017
2017-12-13 16:06:23	fisher:145181	INFO	python : 3.5.2
2017-12-13 16:06:23	fisher:145181	INFO	user : yicheng
2017-12-13 16:06:23	fisher:145181	INFO	command_string : sample_train_test.py -e ../data/ENU_variants/SNVs20151101_chrom1 -g ../data/germline_variants/mouse_germline_All_88_chrom1 -o ../results/chrom1/5-mer/data_ratio_1/ -S 1493876701 -f 2 --train_size 0.2945 --test_size 0.2945 -d 2 --directions All -t 5
2017-12-13 16:06:23	fisher:145181	INFO	vars : {'feature_dim': 2, 'seed': 1493876701, 'train_size': '0.2945', 'test_size': '0.2945', 'run_time': '5', 'directions': 'All', 'enu_prefix': '../data/ENU_variants/SNVs20151101_chrom1', 'enu_ratio': 1, 'germline_prefix': '../data/germline_variants/mouse_germline_All_88_chrom1', 'flank_size': 2, 'ouput_path': '../results/chrom1/5-mer/data_ratio_1/'}
2017-12-13 16:06:23	fisher:145181	INFO	random_number_seed_4 : 1493876707
2017-12-13 16:06:23	fisher:145181	INFO	ENU_input_file : ../data/ENU_variants/SNVs20151101_chrom1.txt
2017-12-13 16:06:23	fisher:145181	INFO	germline_input_file : ../data/germline_variants/mouse_germline_All_88_chrom1.txt
2017-12-13 16:06:23	fisher:145181	INFO	training_file_path : ../results/chrom1/5-mer/data_ratio_1/direction_All/2_way_samples/train_size_10255/sample_4/training_4.csv.gz
2017-12-13 16:06:25	fisher:145181	INFO	testing_file_path : ../results/chrom1/5-mer/data_ratio_1/direction_All/2_way_samples/train_size_10255/sample_4/testing_4.csv.gz
2017-12-13 16:06:30	fisher:145181	INFO	system_details : system=#83-Ubuntu SMP Wed Jan 18 14:10:15 UTC 2017
2017-12-13 16:06:30	fisher:145181	INFO	python : 3.5.2
2017-12-13 16:06:30	fisher:145181	INFO	user : yicheng
2017-12-13 16:06:30	fisher:145181	INFO	command_string : sample_train_test.py -e ../data/ENU_variants/SNVs20151101_chrom1 -g ../data/germline_variants/mouse_germline_All_88_chrom1 -o ../results/chrom1/5-mer/data_ratio_1/ -S 1493876701 -f 2 --train_size 0.2945 --test_size 0.2945 -d 2 --directions All -t 5
2017-12-13 16:06:30	fisher:145181	INFO	vars : {'feature_dim': 2, 'seed': 1493876701, 'train_size': '0.2945', 'test_size': '0.2945', 'run_time': '5', 'directions': 'All', 'enu_prefix': '../data/ENU_variants/SNVs20151101_chrom1', 'enu_ratio': 1, 'germline_prefix': '../data/germline_variants/mouse_germline_All_88_chrom1', 'flank_size': 2, 'ouput_path': '../results/chrom1/5-mer/data_ratio_1/'}
2017-12-13 16:06:30	fisher:145181	INFO	random_number_seed_5 : 1493876711
2017-12-13 16:06:30	fisher:145181	INFO	ENU_input_file : ../data/ENU_variants/SNVs20151101_chrom1.txt
2017-12-13 16:06:30	fisher:145181	INFO	germline_input_file : ../data/germline_variants/mouse_germline_All_88_chrom1.txt
2017-12-13 16:06:30	fisher:145181	INFO	training_file_path : ../results/chrom1/5-mer/data_ratio_1/direction_All/2_way_samples/train_size_10255/sample_5/training_5.csv.gz
2017-12-13 16:06:32	fisher:145181	INFO	testing_file_path : ../results/chrom1/5-mer/data_ratio_1/direction_All/2_way_samples/train_size_10255/sample_5/testing_5.csv.gz
2017-12-13 16:06:34	fisher:145181	INFO	run duration (minutes) : 0.58
