2017-12-13 20:32:51	fisher:137846	INFO	system_details : system=#83-Ubuntu SMP Wed Jan 18 14:10:15 UTC 2017
2017-12-13 20:32:51	fisher:137846	INFO	python : 3.5.2
2017-12-13 20:32:51	fisher:137846	INFO	user : yicheng
2017-12-13 20:32:51	fisher:137846	INFO	command_string : sample_train_test.py -e ../data/ENU_variants/SNVs20151101_chrom1 -g ../data/germline_variants/mouse_germline_All_88_chrom1 -o ../results/chrom1/7-mer/data_ratio_1/ -S 1493876701 -f 3 --train_size 0.0589 --test_size 0.0589 -d 6 --directions All -t 5
2017-12-13 20:32:51	fisher:137846	INFO	vars : {'feature_dim': 6, 'directions': 'All', 'ouput_path': '../results/chrom1/7-mer/data_ratio_1/', 'test_size': '0.0589', 'enu_prefix': '../data/ENU_variants/SNVs20151101_chrom1', 'enu_ratio': 1, 'train_size': '0.0589', 'run_time': '5', 'seed': 1493876701, 'germline_prefix': '../data/germline_variants/mouse_germline_All_88_chrom1', 'flank_size': 3}
2017-12-13 20:32:51	fisher:137846	INFO	random_number_seed_2 : 1493876702
2017-12-13 20:32:51	fisher:137846	INFO	ENU_input_file : ../data/ENU_variants/SNVs20151101_chrom1.txt
2017-12-13 20:32:51	fisher:137846	INFO	germline_input_file : ../data/germline_variants/mouse_germline_All_88_chrom1.txt
2017-12-13 20:32:51	fisher:137846	INFO	training_file_path : ../results/chrom1/7-mer/data_ratio_1/direction_All/6_way_samples/train_size_2050/sample_2/training_2.csv.gz
2017-12-13 20:33:13	fisher:137846	INFO	testing_file_path : ../results/chrom1/7-mer/data_ratio_1/direction_All/6_way_samples/train_size_2050/sample_2/testing_2.csv.gz
2017-12-13 20:34:40	fisher:137846	INFO	system_details : system=#83-Ubuntu SMP Wed Jan 18 14:10:15 UTC 2017
2017-12-13 20:34:40	fisher:137846	INFO	python : 3.5.2
2017-12-13 20:34:40	fisher:137846	INFO	user : yicheng
2017-12-13 20:34:40	fisher:137846	INFO	command_string : sample_train_test.py -e ../data/ENU_variants/SNVs20151101_chrom1 -g ../data/germline_variants/mouse_germline_All_88_chrom1 -o ../results/chrom1/7-mer/data_ratio_1/ -S 1493876701 -f 3 --train_size 0.0589 --test_size 0.0589 -d 6 --directions All -t 5
2017-12-13 20:34:40	fisher:137846	INFO	vars : {'feature_dim': 6, 'directions': 'All', 'ouput_path': '../results/chrom1/7-mer/data_ratio_1/', 'test_size': '0.0589', 'enu_prefix': '../data/ENU_variants/SNVs20151101_chrom1', 'enu_ratio': 1, 'train_size': '0.0589', 'run_time': '5', 'seed': 1493876701, 'germline_prefix': '../data/germline_variants/mouse_germline_All_88_chrom1', 'flank_size': 3}
2017-12-13 20:34:40	fisher:137846	INFO	random_number_seed_3 : 1493876704
2017-12-13 20:34:40	fisher:137846	INFO	ENU_input_file : ../data/ENU_variants/SNVs20151101_chrom1.txt
2017-12-13 20:34:40	fisher:137846	INFO	germline_input_file : ../data/germline_variants/mouse_germline_All_88_chrom1.txt
2017-12-13 20:34:40	fisher:137846	INFO	training_file_path : ../results/chrom1/7-mer/data_ratio_1/direction_All/6_way_samples/train_size_2050/sample_3/training_3.csv.gz
2017-12-13 20:35:00	fisher:137846	INFO	testing_file_path : ../results/chrom1/7-mer/data_ratio_1/direction_All/6_way_samples/train_size_2050/sample_3/testing_3.csv.gz
2017-12-13 20:36:28	fisher:137846	INFO	system_details : system=#83-Ubuntu SMP Wed Jan 18 14:10:15 UTC 2017
2017-12-13 20:36:28	fisher:137846	INFO	python : 3.5.2
2017-12-13 20:36:28	fisher:137846	INFO	user : yicheng
2017-12-13 20:36:28	fisher:137846	INFO	command_string : sample_train_test.py -e ../data/ENU_variants/SNVs20151101_chrom1 -g ../data/germline_variants/mouse_germline_All_88_chrom1 -o ../results/chrom1/7-mer/data_ratio_1/ -S 1493876701 -f 3 --train_size 0.0589 --test_size 0.0589 -d 6 --directions All -t 5
2017-12-13 20:36:28	fisher:137846	INFO	vars : {'feature_dim': 6, 'directions': 'All', 'ouput_path': '../results/chrom1/7-mer/data_ratio_1/', 'test_size': '0.0589', 'enu_prefix': '../data/ENU_variants/SNVs20151101_chrom1', 'enu_ratio': 1, 'train_size': '0.0589', 'run_time': '5', 'seed': 1493876701, 'germline_prefix': '../data/germline_variants/mouse_germline_All_88_chrom1', 'flank_size': 3}
2017-12-13 20:36:28	fisher:137846	INFO	random_number_seed_4 : 1493876707
2017-12-13 20:36:28	fisher:137846	INFO	ENU_input_file : ../data/ENU_variants/SNVs20151101_chrom1.txt
2017-12-13 20:36:28	fisher:137846	INFO	germline_input_file : ../data/germline_variants/mouse_germline_All_88_chrom1.txt
2017-12-13 20:36:28	fisher:137846	INFO	training_file_path : ../results/chrom1/7-mer/data_ratio_1/direction_All/6_way_samples/train_size_2050/sample_4/training_4.csv.gz
2017-12-13 20:36:50	fisher:137846	INFO	testing_file_path : ../results/chrom1/7-mer/data_ratio_1/direction_All/6_way_samples/train_size_2050/sample_4/testing_4.csv.gz
2017-12-13 20:38:06	fisher:137846	INFO	system_details : system=#83-Ubuntu SMP Wed Jan 18 14:10:15 UTC 2017
2017-12-13 20:38:06	fisher:137846	INFO	python : 3.5.2
2017-12-13 20:38:06	fisher:137846	INFO	user : yicheng
2017-12-13 20:38:06	fisher:137846	INFO	command_string : sample_train_test.py -e ../data/ENU_variants/SNVs20151101_chrom1 -g ../data/germline_variants/mouse_germline_All_88_chrom1 -o ../results/chrom1/7-mer/data_ratio_1/ -S 1493876701 -f 3 --train_size 0.0589 --test_size 0.0589 -d 6 --directions All -t 5
2017-12-13 20:38:06	fisher:137846	INFO	vars : {'feature_dim': 6, 'directions': 'All', 'ouput_path': '../results/chrom1/7-mer/data_ratio_1/', 'test_size': '0.0589', 'enu_prefix': '../data/ENU_variants/SNVs20151101_chrom1', 'enu_ratio': 1, 'train_size': '0.0589', 'run_time': '5', 'seed': 1493876701, 'germline_prefix': '../data/germline_variants/mouse_germline_All_88_chrom1', 'flank_size': 3}
2017-12-13 20:38:06	fisher:137846	INFO	random_number_seed_5 : 1493876711
2017-12-13 20:38:06	fisher:137846	INFO	ENU_input_file : ../data/ENU_variants/SNVs20151101_chrom1.txt
2017-12-13 20:38:06	fisher:137846	INFO	germline_input_file : ../data/germline_variants/mouse_germline_All_88_chrom1.txt
2017-12-13 20:38:06	fisher:137846	INFO	training_file_path : ../results/chrom1/7-mer/data_ratio_1/direction_All/6_way_samples/train_size_2050/sample_5/training_5.csv.gz
2017-12-13 20:38:23	fisher:137846	INFO	testing_file_path : ../results/chrom1/7-mer/data_ratio_1/direction_All/6_way_samples/train_size_2050/sample_5/testing_5.csv.gz
2017-12-13 20:38:42	fisher:137846	INFO	run duration (minutes) : 9.37
