2017-12-13 20:53:41	fisher:49861	INFO	system_details : system=#83-Ubuntu SMP Wed Jan 18 14:10:15 UTC 2017
2017-12-13 20:53:41	fisher:49861	INFO	python : 3.5.2
2017-12-13 20:53:41	fisher:49861	INFO	user : yicheng
2017-12-13 20:53:41	fisher:49861	INFO	command_string : sample_train_test.py -e ../data/ENU_variants/SNVs20151101_chrom1 -g ../data/germline_variants/mouse_germline_All_88_chrom1 -o ../results/chrom1/7-mer/data_ratio_1/ -S 1493876701 -f 3 --train_size 0.1178 --test_size 0.1178 -d 6 --directions All -t 5
2017-12-13 20:53:41	fisher:49861	INFO	vars : {'germline_prefix': '../data/germline_variants/mouse_germline_All_88_chrom1', 'ouput_path': '../results/chrom1/7-mer/data_ratio_1/', 'test_size': '0.1178', 'seed': 1493876701, 'enu_ratio': 1, 'directions': 'All', 'train_size': '0.1178', 'feature_dim': 6, 'enu_prefix': '../data/ENU_variants/SNVs20151101_chrom1', 'flank_size': 3, 'run_time': '5'}
2017-12-13 20:53:41	fisher:49861	INFO	random_number_seed_3 : 1493876704
2017-12-13 20:53:41	fisher:49861	INFO	ENU_input_file : ../data/ENU_variants/SNVs20151101_chrom1.txt
2017-12-13 20:53:41	fisher:49861	INFO	germline_input_file : ../data/germline_variants/mouse_germline_All_88_chrom1.txt
2017-12-13 20:53:41	fisher:49861	INFO	training_file_path : ../results/chrom1/7-mer/data_ratio_1/direction_All/6_way_samples/train_size_4101/sample_3/training_3.csv.gz
2017-12-13 20:54:23	fisher:49861	INFO	testing_file_path : ../results/chrom1/7-mer/data_ratio_1/direction_All/6_way_samples/train_size_4101/sample_3/testing_3.csv.gz
2017-12-13 20:59:32	fisher:49861	INFO	system_details : system=#83-Ubuntu SMP Wed Jan 18 14:10:15 UTC 2017
2017-12-13 20:59:32	fisher:49861	INFO	python : 3.5.2
2017-12-13 20:59:32	fisher:49861	INFO	user : yicheng
2017-12-13 20:59:32	fisher:49861	INFO	command_string : sample_train_test.py -e ../data/ENU_variants/SNVs20151101_chrom1 -g ../data/germline_variants/mouse_germline_All_88_chrom1 -o ../results/chrom1/7-mer/data_ratio_1/ -S 1493876701 -f 3 --train_size 0.1178 --test_size 0.1178 -d 6 --directions All -t 5
2017-12-13 20:59:32	fisher:49861	INFO	vars : {'germline_prefix': '../data/germline_variants/mouse_germline_All_88_chrom1', 'ouput_path': '../results/chrom1/7-mer/data_ratio_1/', 'test_size': '0.1178', 'seed': 1493876701, 'enu_ratio': 1, 'directions': 'All', 'train_size': '0.1178', 'feature_dim': 6, 'enu_prefix': '../data/ENU_variants/SNVs20151101_chrom1', 'flank_size': 3, 'run_time': '5'}
2017-12-13 20:59:32	fisher:49861	INFO	random_number_seed_4 : 1493876707
2017-12-13 20:59:32	fisher:49861	INFO	ENU_input_file : ../data/ENU_variants/SNVs20151101_chrom1.txt
2017-12-13 20:59:32	fisher:49861	INFO	germline_input_file : ../data/germline_variants/mouse_germline_All_88_chrom1.txt
2017-12-13 20:59:32	fisher:49861	INFO	training_file_path : ../results/chrom1/7-mer/data_ratio_1/direction_All/6_way_samples/train_size_4101/sample_4/training_4.csv.gz
2017-12-13 21:00:18	fisher:49861	INFO	testing_file_path : ../results/chrom1/7-mer/data_ratio_1/direction_All/6_way_samples/train_size_4101/sample_4/testing_4.csv.gz
2017-12-13 21:04:19	fisher:49861	INFO	system_details : system=#83-Ubuntu SMP Wed Jan 18 14:10:15 UTC 2017
2017-12-13 21:04:19	fisher:49861	INFO	python : 3.5.2
2017-12-13 21:04:19	fisher:49861	INFO	user : yicheng
2017-12-13 21:04:19	fisher:49861	INFO	command_string : sample_train_test.py -e ../data/ENU_variants/SNVs20151101_chrom1 -g ../data/germline_variants/mouse_germline_All_88_chrom1 -o ../results/chrom1/7-mer/data_ratio_1/ -S 1493876701 -f 3 --train_size 0.1178 --test_size 0.1178 -d 6 --directions All -t 5
2017-12-13 21:04:19	fisher:49861	INFO	vars : {'germline_prefix': '../data/germline_variants/mouse_germline_All_88_chrom1', 'ouput_path': '../results/chrom1/7-mer/data_ratio_1/', 'test_size': '0.1178', 'seed': 1493876701, 'enu_ratio': 1, 'directions': 'All', 'train_size': '0.1178', 'feature_dim': 6, 'enu_prefix': '../data/ENU_variants/SNVs20151101_chrom1', 'flank_size': 3, 'run_time': '5'}
2017-12-13 21:04:19	fisher:49861	INFO	random_number_seed_5 : 1493876711
2017-12-13 21:04:19	fisher:49861	INFO	ENU_input_file : ../data/ENU_variants/SNVs20151101_chrom1.txt
2017-12-13 21:04:19	fisher:49861	INFO	germline_input_file : ../data/germline_variants/mouse_germline_All_88_chrom1.txt
2017-12-13 21:04:19	fisher:49861	INFO	training_file_path : ../results/chrom1/7-mer/data_ratio_1/direction_All/6_way_samples/train_size_4101/sample_5/training_5.csv.gz
2017-12-13 21:05:03	fisher:49861	INFO	testing_file_path : ../results/chrom1/7-mer/data_ratio_1/direction_All/6_way_samples/train_size_4101/sample_5/testing_5.csv.gz
2017-12-13 21:05:48	fisher:49861	INFO	run duration (minutes) : 27.08
