2017-08-22 01:19:55	JCSMR027497.local:64308	INFO	system_details : system=Darwin Kernel Version 16.7.0: Thu Jun 15 17:36:27 PDT 2017; root:xnu-3789.70.16~2/RELEASE_X86_64
2017-08-22 01:19:55	JCSMR027497.local:64308	INFO	python : 3.5.2
2017-08-22 01:19:55	JCSMR027497.local:64308	INFO	user : yichengzhu
2017-08-22 01:19:55	JCSMR027497.local:64308	INFO	command_string : /Users/yichengzhu/miniconda3/envs/py35/bin/mutation_analysis nbr -1 ../data/germline_variants/counts/autosomes/directions/freq_All-chrom_All-GC_All-TtoA.txt -2 ../data/germline_variants/counts/sex_chroms/directions/freq_All-chrom_All-GC_All-TtoA.txt -o ../results/germline_A_vs_X/directions/TtoA
2017-08-22 01:19:55	JCSMR027497.local:64308	INFO	vars : {'format': 'pdf', 'plot_cfg': None, 'dry_run': False, 'strand_symmetry': False, 'group_ref': None, 'no_type3': False, 'first_order': False, 'group_label': None, 'countsfile2': '../data/germline_variants/counts/sex_chroms/directions/freq_All-chrom_All-GC_All-TtoA.txt', 'countsfile': '../data/germline_variants/counts/autosomes/directions/freq_All-chrom_All-GC_All-TtoA.txt', 'outpath': '../results/germline_A_vs_X/directions/TtoA', 'verbose': False}
2017-08-22 01:19:55	JCSMR027497.local:64308	INFO	countsfile1_path : /Users/yichengzhu/Desktop/Yicheng_Zhu/ENU_Project/data/germline_variants/counts/autosomes/directions/freq_All-chrom_All-GC_All-TtoA.txt
2017-08-22 01:19:55	JCSMR027497.local:64308	INFO	countsfile1_path md5sum : f666290f251749016cfde3757348636b
2017-08-22 01:19:55	JCSMR027497.local:64308	INFO	countsfile2_path : /Users/yichengzhu/Desktop/Yicheng_Zhu/ENU_Project/data/germline_variants/counts/sex_chroms/directions/freq_All-chrom_All-GC_All-TtoA.txt
2017-08-22 01:19:55	JCSMR027497.local:64308	INFO	countsfile2_path md5sum : 4a3d4a148e36dcc87c6f0447819df969
2017-08-22 01:19:55	JCSMR027497.local:64308	INFO	group_counts : /Users/yichengzhu/Desktop/Yicheng_Zhu/ENU_Project/results/germline_A_vs_X/directions/TtoA/group_counts_table.txt
2017-08-22 01:19:55	JCSMR027497.local:64308	INFO	group_counts md5sum : 919249d167832e836bd49b26e63291af
2017-08-22 01:19:55	JCSMR027497.local:64308	INFO	analysis1 : /Users/yichengzhu/Desktop/Yicheng_Zhu/ENU_Project/results/germline_A_vs_X/directions/TtoA/1.json
2017-08-22 01:19:55	JCSMR027497.local:64308	INFO	analysis1 md5sum : ea3f062314ade6bfa1ce0d8d64019aea
2017-08-22 01:19:55	JCSMR027497.local:64308	INFO	analysis2 : /Users/yichengzhu/Desktop/Yicheng_Zhu/ENU_Project/results/germline_A_vs_X/directions/TtoA/2.json
2017-08-22 01:19:55	JCSMR027497.local:64308	INFO	analysis2 md5sum : a18350b8f28a2042139c4924278557c0
2017-08-22 01:19:58	JCSMR027497.local:64308	INFO	analysis3 : /Users/yichengzhu/Desktop/Yicheng_Zhu/ENU_Project/results/germline_A_vs_X/directions/TtoA/3.json
2017-08-22 01:19:58	JCSMR027497.local:64308	INFO	analysis3 md5sum : ef9de7d33b424eea25ed8477062e861b
2017-08-22 01:20:17	JCSMR027497.local:64308	INFO	analysis4 : /Users/yichengzhu/Desktop/Yicheng_Zhu/ENU_Project/results/germline_A_vs_X/directions/TtoA/4.json
2017-08-22 01:20:17	JCSMR027497.local:64308	INFO	analysis4 md5sum : 3dfd2d31ca222805412b08fadd0d3e14
2017-08-22 01:20:20	JCSMR027497.local:64308	INFO	summary : /Users/yichengzhu/Desktop/Yicheng_Zhu/ENU_Project/results/germline_A_vs_X/directions/TtoA/summary.txt
2017-08-22 01:20:20	JCSMR027497.local:64308	INFO	summary md5sum : 005ab7e6e51787fb5e9207419155eb97
