2017-08-22 01:17:20	JCSMR027497.local:64233	INFO	system_details : system=Darwin Kernel Version 16.7.0: Thu Jun 15 17:36:27 PDT 2017; root:xnu-3789.70.16~2/RELEASE_X86_64
2017-08-22 01:17:20	JCSMR027497.local:64233	INFO	python : 3.5.2
2017-08-22 01:17:20	JCSMR027497.local:64233	INFO	user : yichengzhu
2017-08-22 01:17:20	JCSMR027497.local:64233	INFO	command_string : /Users/yichengzhu/miniconda3/envs/py35/bin/mutation_analysis nbr -1 ../data/germline_variants/counts/autosomes/directions/freq_All-chrom_All-GC_All-AtoT.txt -2 ../data/germline_variants/counts/sex_chroms/directions/freq_All-chrom_All-GC_All-AtoT.txt -o ../results/germline_A_vs_X/directions/AtoT
2017-08-22 01:17:20	JCSMR027497.local:64233	INFO	vars : {'group_label': None, 'no_type3': False, 'dry_run': False, 'countsfile': '../data/germline_variants/counts/autosomes/directions/freq_All-chrom_All-GC_All-AtoT.txt', 'format': 'pdf', 'outpath': '../results/germline_A_vs_X/directions/AtoT', 'first_order': False, 'group_ref': None, 'strand_symmetry': False, 'verbose': False, 'countsfile2': '../data/germline_variants/counts/sex_chroms/directions/freq_All-chrom_All-GC_All-AtoT.txt', 'plot_cfg': None}
2017-08-22 01:17:20	JCSMR027497.local:64233	INFO	countsfile1_path : /Users/yichengzhu/Desktop/Yicheng_Zhu/ENU_Project/data/germline_variants/counts/autosomes/directions/freq_All-chrom_All-GC_All-AtoT.txt
2017-08-22 01:17:20	JCSMR027497.local:64233	INFO	countsfile1_path md5sum : 70e44fa4fa9ef31b72fe46151a0fb06b
2017-08-22 01:17:20	JCSMR027497.local:64233	INFO	countsfile2_path : /Users/yichengzhu/Desktop/Yicheng_Zhu/ENU_Project/data/germline_variants/counts/sex_chroms/directions/freq_All-chrom_All-GC_All-AtoT.txt
2017-08-22 01:17:20	JCSMR027497.local:64233	INFO	countsfile2_path md5sum : 4736ae78744dcc8ca2aaecd8cf16baf4
2017-08-22 01:17:20	JCSMR027497.local:64233	INFO	group_counts : /Users/yichengzhu/Desktop/Yicheng_Zhu/ENU_Project/results/germline_A_vs_X/directions/AtoT/group_counts_table.txt
2017-08-22 01:17:20	JCSMR027497.local:64233	INFO	group_counts md5sum : 86188bc56acd58e0ed71650445d85136
2017-08-22 01:17:20	JCSMR027497.local:64233	INFO	analysis1 : /Users/yichengzhu/Desktop/Yicheng_Zhu/ENU_Project/results/germline_A_vs_X/directions/AtoT/1.json
2017-08-22 01:17:20	JCSMR027497.local:64233	INFO	analysis1 md5sum : 13b03750f345e9d02d54d09c0ce4e509
2017-08-22 01:17:21	JCSMR027497.local:64233	INFO	analysis2 : /Users/yichengzhu/Desktop/Yicheng_Zhu/ENU_Project/results/germline_A_vs_X/directions/AtoT/2.json
2017-08-22 01:17:21	JCSMR027497.local:64233	INFO	analysis2 md5sum : 10094385bc7d56ae69af513bdfdb3b9c
2017-08-22 01:17:23	JCSMR027497.local:64233	INFO	analysis3 : /Users/yichengzhu/Desktop/Yicheng_Zhu/ENU_Project/results/germline_A_vs_X/directions/AtoT/3.json
2017-08-22 01:17:23	JCSMR027497.local:64233	INFO	analysis3 md5sum : 53ca04329e69dcc07d43c306740f9458
2017-08-22 01:17:39	JCSMR027497.local:64233	INFO	analysis4 : /Users/yichengzhu/Desktop/Yicheng_Zhu/ENU_Project/results/germline_A_vs_X/directions/AtoT/4.json
2017-08-22 01:17:39	JCSMR027497.local:64233	INFO	analysis4 md5sum : d5ad619ef432c2b0e1b7b6fea76ce563
2017-08-22 01:17:42	JCSMR027497.local:64233	INFO	summary : /Users/yichengzhu/Desktop/Yicheng_Zhu/ENU_Project/results/germline_A_vs_X/directions/AtoT/summary.txt
2017-08-22 01:17:42	JCSMR027497.local:64233	INFO	summary md5sum : ec29dd7da0296b10edac8eb49e290b37
