2017-12-13 16:22:25	fisher:43951	INFO	system_details : system=#83-Ubuntu SMP Wed Jan 18 14:10:15 UTC 2017
2017-12-13 16:22:25	fisher:43951	INFO	python : 3.5.2
2017-12-13 16:22:25	fisher:43951	INFO	user : yicheng
2017-12-13 16:22:25	fisher:43951	INFO	command_string : sample_train_test.py -e ../data/ENU_variants/SNVs20151101_chrom1 -g ../data/germline_variants/mouse_germline_All_88_chrom1 -o ../results/chrom1/7-mer/data_ratio_1/ -S 1493876701 -f 3 --train_size 0.1178 --test_size 0.1178 -d 2 --directions All -t 5
2017-12-13 16:22:25	fisher:43951	INFO	vars : {'run_time': '5', 'ouput_path': '../results/chrom1/7-mer/data_ratio_1/', 'enu_prefix': '../data/ENU_variants/SNVs20151101_chrom1', 'train_size': '0.1178', 'directions': 'All', 'enu_ratio': 1, 'test_size': '0.1178', 'germline_prefix': '../data/germline_variants/mouse_germline_All_88_chrom1', 'feature_dim': 2, 'flank_size': 3, 'seed': 1493876701}
2017-12-13 16:22:25	fisher:43951	INFO	random_number_seed_3 : 1493876704
2017-12-13 16:22:25	fisher:43951	INFO	ENU_input_file : ../data/ENU_variants/SNVs20151101_chrom1.txt
2017-12-13 16:22:25	fisher:43951	INFO	germline_input_file : ../data/germline_variants/mouse_germline_All_88_chrom1.txt
2017-12-13 16:22:25	fisher:43951	INFO	training_file_path : ../results/chrom1/7-mer/data_ratio_1/direction_All/2_way_samples/train_size_4101/sample_3/training_3.csv.gz
2017-12-13 16:22:26	fisher:43951	INFO	testing_file_path : ../results/chrom1/7-mer/data_ratio_1/direction_All/2_way_samples/train_size_4101/sample_3/testing_3.csv.gz
2017-12-13 16:22:31	fisher:43951	INFO	system_details : system=#83-Ubuntu SMP Wed Jan 18 14:10:15 UTC 2017
2017-12-13 16:22:31	fisher:43951	INFO	python : 3.5.2
2017-12-13 16:22:31	fisher:43951	INFO	user : yicheng
2017-12-13 16:22:31	fisher:43951	INFO	command_string : sample_train_test.py -e ../data/ENU_variants/SNVs20151101_chrom1 -g ../data/germline_variants/mouse_germline_All_88_chrom1 -o ../results/chrom1/7-mer/data_ratio_1/ -S 1493876701 -f 3 --train_size 0.1178 --test_size 0.1178 -d 2 --directions All -t 5
2017-12-13 16:22:31	fisher:43951	INFO	vars : {'run_time': '5', 'ouput_path': '../results/chrom1/7-mer/data_ratio_1/', 'enu_prefix': '../data/ENU_variants/SNVs20151101_chrom1', 'train_size': '0.1178', 'directions': 'All', 'enu_ratio': 1, 'test_size': '0.1178', 'germline_prefix': '../data/germline_variants/mouse_germline_All_88_chrom1', 'feature_dim': 2, 'flank_size': 3, 'seed': 1493876701}
2017-12-13 16:22:31	fisher:43951	INFO	random_number_seed_4 : 1493876707
2017-12-13 16:22:31	fisher:43951	INFO	ENU_input_file : ../data/ENU_variants/SNVs20151101_chrom1.txt
2017-12-13 16:22:31	fisher:43951	INFO	germline_input_file : ../data/germline_variants/mouse_germline_All_88_chrom1.txt
2017-12-13 16:22:31	fisher:43951	INFO	training_file_path : ../results/chrom1/7-mer/data_ratio_1/direction_All/2_way_samples/train_size_4101/sample_4/training_4.csv.gz
2017-12-13 16:22:32	fisher:43951	INFO	testing_file_path : ../results/chrom1/7-mer/data_ratio_1/direction_All/2_way_samples/train_size_4101/sample_4/testing_4.csv.gz
2017-12-13 16:22:36	fisher:43951	INFO	system_details : system=#83-Ubuntu SMP Wed Jan 18 14:10:15 UTC 2017
2017-12-13 16:22:36	fisher:43951	INFO	python : 3.5.2
2017-12-13 16:22:36	fisher:43951	INFO	user : yicheng
2017-12-13 16:22:36	fisher:43951	INFO	command_string : sample_train_test.py -e ../data/ENU_variants/SNVs20151101_chrom1 -g ../data/germline_variants/mouse_germline_All_88_chrom1 -o ../results/chrom1/7-mer/data_ratio_1/ -S 1493876701 -f 3 --train_size 0.1178 --test_size 0.1178 -d 2 --directions All -t 5
2017-12-13 16:22:36	fisher:43951	INFO	vars : {'run_time': '5', 'ouput_path': '../results/chrom1/7-mer/data_ratio_1/', 'enu_prefix': '../data/ENU_variants/SNVs20151101_chrom1', 'train_size': '0.1178', 'directions': 'All', 'enu_ratio': 1, 'test_size': '0.1178', 'germline_prefix': '../data/germline_variants/mouse_germline_All_88_chrom1', 'feature_dim': 2, 'flank_size': 3, 'seed': 1493876701}
2017-12-13 16:22:36	fisher:43951	INFO	random_number_seed_5 : 1493876711
2017-12-13 16:22:36	fisher:43951	INFO	ENU_input_file : ../data/ENU_variants/SNVs20151101_chrom1.txt
2017-12-13 16:22:36	fisher:43951	INFO	germline_input_file : ../data/germline_variants/mouse_germline_All_88_chrom1.txt
2017-12-13 16:22:36	fisher:43951	INFO	training_file_path : ../results/chrom1/7-mer/data_ratio_1/direction_All/2_way_samples/train_size_4101/sample_5/training_5.csv.gz
2017-12-13 16:22:38	fisher:43951	INFO	testing_file_path : ../results/chrom1/7-mer/data_ratio_1/direction_All/2_way_samples/train_size_4101/sample_5/testing_5.csv.gz
2017-12-13 16:22:39	fisher:43951	INFO	run duration (minutes) : 0.50
