2017-12-13 16:08:58	fisher:19378	INFO	system_details : system=#83-Ubuntu SMP Wed Jan 18 14:10:15 UTC 2017
2017-12-13 16:08:58	fisher:19378	INFO	python : 3.5.2
2017-12-13 16:08:58	fisher:19378	INFO	user : yicheng
2017-12-13 16:08:58	fisher:19378	INFO	command_string : sample_train_test.py -e ../data/ENU_variants/SNVs20151101_chrom1 -g ../data/germline_variants/mouse_germline_All_88_chrom1 -o ../results/chrom1/5-mer/data_ratio_1/ -S 1493876701 -f 2 --train_size 0.2945 --test_size 0.2945 -d 3 --directions All -t 5
2017-12-13 16:08:58	fisher:19378	INFO	vars : {'test_size': '0.2945', 'train_size': '0.2945', 'ouput_path': '../results/chrom1/5-mer/data_ratio_1/', 'germline_prefix': '../data/germline_variants/mouse_germline_All_88_chrom1', 'feature_dim': 3, 'flank_size': 2, 'run_time': '5', 'seed': 1493876701, 'enu_prefix': '../data/ENU_variants/SNVs20151101_chrom1', 'directions': 'All', 'enu_ratio': 1}
2017-12-13 16:08:58	fisher:19378	INFO	random_number_seed_2 : 1493876702
2017-12-13 16:08:58	fisher:19378	INFO	ENU_input_file : ../data/ENU_variants/SNVs20151101_chrom1.txt
2017-12-13 16:08:58	fisher:19378	INFO	germline_input_file : ../data/germline_variants/mouse_germline_All_88_chrom1.txt
2017-12-13 16:08:58	fisher:19378	INFO	training_file_path : ../results/chrom1/5-mer/data_ratio_1/direction_All/3_way_samples/train_size_10255/sample_2/training_2.csv.gz
2017-12-13 16:09:01	fisher:19378	INFO	testing_file_path : ../results/chrom1/5-mer/data_ratio_1/direction_All/3_way_samples/train_size_10255/sample_2/testing_2.csv.gz
2017-12-13 16:09:13	fisher:19378	INFO	system_details : system=#83-Ubuntu SMP Wed Jan 18 14:10:15 UTC 2017
2017-12-13 16:09:13	fisher:19378	INFO	python : 3.5.2
2017-12-13 16:09:13	fisher:19378	INFO	user : yicheng
2017-12-13 16:09:13	fisher:19378	INFO	command_string : sample_train_test.py -e ../data/ENU_variants/SNVs20151101_chrom1 -g ../data/germline_variants/mouse_germline_All_88_chrom1 -o ../results/chrom1/5-mer/data_ratio_1/ -S 1493876701 -f 2 --train_size 0.2945 --test_size 0.2945 -d 3 --directions All -t 5
2017-12-13 16:09:13	fisher:19378	INFO	vars : {'test_size': '0.2945', 'train_size': '0.2945', 'ouput_path': '../results/chrom1/5-mer/data_ratio_1/', 'germline_prefix': '../data/germline_variants/mouse_germline_All_88_chrom1', 'feature_dim': 3, 'flank_size': 2, 'run_time': '5', 'seed': 1493876701, 'enu_prefix': '../data/ENU_variants/SNVs20151101_chrom1', 'directions': 'All', 'enu_ratio': 1}
2017-12-13 16:09:13	fisher:19378	INFO	random_number_seed_3 : 1493876704
2017-12-13 16:09:13	fisher:19378	INFO	ENU_input_file : ../data/ENU_variants/SNVs20151101_chrom1.txt
2017-12-13 16:09:13	fisher:19378	INFO	germline_input_file : ../data/germline_variants/mouse_germline_All_88_chrom1.txt
2017-12-13 16:09:13	fisher:19378	INFO	training_file_path : ../results/chrom1/5-mer/data_ratio_1/direction_All/3_way_samples/train_size_10255/sample_3/training_3.csv.gz
2017-12-13 16:09:16	fisher:19378	INFO	testing_file_path : ../results/chrom1/5-mer/data_ratio_1/direction_All/3_way_samples/train_size_10255/sample_3/testing_3.csv.gz
2017-12-13 16:09:28	fisher:19378	INFO	system_details : system=#83-Ubuntu SMP Wed Jan 18 14:10:15 UTC 2017
2017-12-13 16:09:28	fisher:19378	INFO	python : 3.5.2
2017-12-13 16:09:28	fisher:19378	INFO	user : yicheng
2017-12-13 16:09:28	fisher:19378	INFO	command_string : sample_train_test.py -e ../data/ENU_variants/SNVs20151101_chrom1 -g ../data/germline_variants/mouse_germline_All_88_chrom1 -o ../results/chrom1/5-mer/data_ratio_1/ -S 1493876701 -f 2 --train_size 0.2945 --test_size 0.2945 -d 3 --directions All -t 5
2017-12-13 16:09:28	fisher:19378	INFO	vars : {'test_size': '0.2945', 'train_size': '0.2945', 'ouput_path': '../results/chrom1/5-mer/data_ratio_1/', 'germline_prefix': '../data/germline_variants/mouse_germline_All_88_chrom1', 'feature_dim': 3, 'flank_size': 2, 'run_time': '5', 'seed': 1493876701, 'enu_prefix': '../data/ENU_variants/SNVs20151101_chrom1', 'directions': 'All', 'enu_ratio': 1}
2017-12-13 16:09:28	fisher:19378	INFO	random_number_seed_4 : 1493876707
2017-12-13 16:09:28	fisher:19378	INFO	ENU_input_file : ../data/ENU_variants/SNVs20151101_chrom1.txt
2017-12-13 16:09:28	fisher:19378	INFO	germline_input_file : ../data/germline_variants/mouse_germline_All_88_chrom1.txt
2017-12-13 16:09:28	fisher:19378	INFO	training_file_path : ../results/chrom1/5-mer/data_ratio_1/direction_All/3_way_samples/train_size_10255/sample_4/training_4.csv.gz
2017-12-13 16:09:32	fisher:19378	INFO	testing_file_path : ../results/chrom1/5-mer/data_ratio_1/direction_All/3_way_samples/train_size_10255/sample_4/testing_4.csv.gz
2017-12-13 16:09:44	fisher:19378	INFO	system_details : system=#83-Ubuntu SMP Wed Jan 18 14:10:15 UTC 2017
2017-12-13 16:09:44	fisher:19378	INFO	python : 3.5.2
2017-12-13 16:09:44	fisher:19378	INFO	user : yicheng
2017-12-13 16:09:44	fisher:19378	INFO	command_string : sample_train_test.py -e ../data/ENU_variants/SNVs20151101_chrom1 -g ../data/germline_variants/mouse_germline_All_88_chrom1 -o ../results/chrom1/5-mer/data_ratio_1/ -S 1493876701 -f 2 --train_size 0.2945 --test_size 0.2945 -d 3 --directions All -t 5
2017-12-13 16:09:44	fisher:19378	INFO	vars : {'test_size': '0.2945', 'train_size': '0.2945', 'ouput_path': '../results/chrom1/5-mer/data_ratio_1/', 'germline_prefix': '../data/germline_variants/mouse_germline_All_88_chrom1', 'feature_dim': 3, 'flank_size': 2, 'run_time': '5', 'seed': 1493876701, 'enu_prefix': '../data/ENU_variants/SNVs20151101_chrom1', 'directions': 'All', 'enu_ratio': 1}
2017-12-13 16:09:44	fisher:19378	INFO	random_number_seed_5 : 1493876711
2017-12-13 16:09:44	fisher:19378	INFO	ENU_input_file : ../data/ENU_variants/SNVs20151101_chrom1.txt
2017-12-13 16:09:44	fisher:19378	INFO	germline_input_file : ../data/germline_variants/mouse_germline_All_88_chrom1.txt
2017-12-13 16:09:44	fisher:19378	INFO	training_file_path : ../results/chrom1/5-mer/data_ratio_1/direction_All/3_way_samples/train_size_10255/sample_5/training_5.csv.gz
2017-12-13 16:09:48	fisher:19378	INFO	testing_file_path : ../results/chrom1/5-mer/data_ratio_1/direction_All/3_way_samples/train_size_10255/sample_5/testing_5.csv.gz
2017-12-13 16:09:51	fisher:19378	INFO	run duration (minutes) : 1.27
