2017-12-13 18:50:52	fisher:101008	INFO	system_details : system=#83-Ubuntu SMP Wed Jan 18 14:10:15 UTC 2017
2017-12-13 18:50:52	fisher:101008	INFO	python : 3.5.2
2017-12-13 18:50:52	fisher:101008	INFO	user : yicheng
2017-12-13 18:50:52	fisher:101008	INFO	command_string : sample_train_test.py -e ../data/ENU_variants/SNVs20151101_chrom1 -g ../data/germline_variants/mouse_germline_All_88_chrom1 -o ../results/chrom1/7-mer/data_ratio_1/ -S 1493876701 -f 3 --train_size 0.2945 --test_size 0.2945 -d 5 --directions All -t 5
2017-12-13 18:50:52	fisher:101008	INFO	vars : {'germline_prefix': '../data/germline_variants/mouse_germline_All_88_chrom1', 'test_size': '0.2945', 'flank_size': 3, 'feature_dim': 5, 'directions': 'All', 'seed': 1493876701, 'train_size': '0.2945', 'run_time': '5', 'enu_prefix': '../data/ENU_variants/SNVs20151101_chrom1', 'ouput_path': '../results/chrom1/7-mer/data_ratio_1/', 'enu_ratio': 1}
2017-12-13 18:50:52	fisher:101008	INFO	random_number_seed_4 : 1493876707
2017-12-13 18:50:52	fisher:101008	INFO	ENU_input_file : ../data/ENU_variants/SNVs20151101_chrom1.txt
2017-12-13 18:50:52	fisher:101008	INFO	germline_input_file : ../data/germline_variants/mouse_germline_All_88_chrom1.txt
2017-12-13 18:50:52	fisher:101008	INFO	training_file_path : ../results/chrom1/7-mer/data_ratio_1/direction_All/5_way_samples/train_size_10255/sample_4/training_4.csv.gz
2017-12-13 18:52:07	fisher:101008	INFO	testing_file_path : ../results/chrom1/7-mer/data_ratio_1/direction_All/5_way_samples/train_size_10255/sample_4/testing_4.csv.gz
2017-12-13 19:01:03	fisher:101008	INFO	system_details : system=#83-Ubuntu SMP Wed Jan 18 14:10:15 UTC 2017
2017-12-13 19:01:03	fisher:101008	INFO	python : 3.5.2
2017-12-13 19:01:03	fisher:101008	INFO	user : yicheng
2017-12-13 19:01:03	fisher:101008	INFO	command_string : sample_train_test.py -e ../data/ENU_variants/SNVs20151101_chrom1 -g ../data/germline_variants/mouse_germline_All_88_chrom1 -o ../results/chrom1/7-mer/data_ratio_1/ -S 1493876701 -f 3 --train_size 0.2945 --test_size 0.2945 -d 5 --directions All -t 5
2017-12-13 19:01:03	fisher:101008	INFO	vars : {'germline_prefix': '../data/germline_variants/mouse_germline_All_88_chrom1', 'test_size': '0.2945', 'flank_size': 3, 'feature_dim': 5, 'directions': 'All', 'seed': 1493876701, 'train_size': '0.2945', 'run_time': '5', 'enu_prefix': '../data/ENU_variants/SNVs20151101_chrom1', 'ouput_path': '../results/chrom1/7-mer/data_ratio_1/', 'enu_ratio': 1}
2017-12-13 19:01:03	fisher:101008	INFO	random_number_seed_5 : 1493876711
2017-12-13 19:01:03	fisher:101008	INFO	ENU_input_file : ../data/ENU_variants/SNVs20151101_chrom1.txt
2017-12-13 19:01:03	fisher:101008	INFO	germline_input_file : ../data/germline_variants/mouse_germline_All_88_chrom1.txt
2017-12-13 19:01:03	fisher:101008	INFO	training_file_path : ../results/chrom1/7-mer/data_ratio_1/direction_All/5_way_samples/train_size_10255/sample_5/training_5.csv.gz
2017-12-13 19:02:22	fisher:101008	INFO	testing_file_path : ../results/chrom1/7-mer/data_ratio_1/direction_All/5_way_samples/train_size_10255/sample_5/testing_5.csv.gz
2017-12-13 19:03:37	fisher:101008	INFO	run duration (minutes) : 46.36
