2017-12-13 21:10:52	fisher:115830	INFO	system_details : system=#83-Ubuntu SMP Wed Jan 18 14:10:15 UTC 2017
2017-12-13 21:10:52	fisher:115830	INFO	python : 3.5.2
2017-12-13 21:10:52	fisher:115830	INFO	user : yicheng
2017-12-13 21:10:52	fisher:115830	INFO	command_string : sample_train_test.py -e ../data/ENU_variants/SNVs20151101_chrom1 -g ../data/germline_variants/mouse_germline_All_88_chrom1 -o ../results/chrom1/7-mer/data_ratio_1/ -S 1493876701 -f 3 --train_size 0.2945 --test_size 0.2945 -d 6 --directions All -t 5
2017-12-13 21:10:52	fisher:115830	INFO	vars : {'train_size': '0.2945', 'run_time': '5', 'ouput_path': '../results/chrom1/7-mer/data_ratio_1/', 'flank_size': 3, 'feature_dim': 6, 'seed': 1493876701, 'enu_prefix': '../data/ENU_variants/SNVs20151101_chrom1', 'directions': 'All', 'test_size': '0.2945', 'enu_ratio': 1, 'germline_prefix': '../data/germline_variants/mouse_germline_All_88_chrom1'}
2017-12-13 21:10:52	fisher:115830	INFO	random_number_seed_1 : 1493876701
2017-12-13 21:10:52	fisher:115830	INFO	ENU_input_file : ../data/ENU_variants/SNVs20151101_chrom1.txt
2017-12-13 21:10:52	fisher:115830	INFO	germline_input_file : ../data/germline_variants/mouse_germline_All_88_chrom1.txt
2017-12-13 21:10:52	fisher:115830	INFO	training_file_path : ../results/chrom1/7-mer/data_ratio_1/direction_All/6_way_samples/train_size_10255/sample_1/training_1.csv.gz
2017-12-13 21:12:20	fisher:115830	INFO	testing_file_path : ../results/chrom1/7-mer/data_ratio_1/direction_All/6_way_samples/train_size_10255/sample_1/testing_1.csv.gz
2017-12-13 21:18:54	fisher:115830	INFO	system_details : system=#83-Ubuntu SMP Wed Jan 18 14:10:15 UTC 2017
2017-12-13 21:18:54	fisher:115830	INFO	python : 3.5.2
2017-12-13 21:18:54	fisher:115830	INFO	user : yicheng
2017-12-13 21:18:54	fisher:115830	INFO	command_string : sample_train_test.py -e ../data/ENU_variants/SNVs20151101_chrom1 -g ../data/germline_variants/mouse_germline_All_88_chrom1 -o ../results/chrom1/7-mer/data_ratio_1/ -S 1493876701 -f 3 --train_size 0.2945 --test_size 0.2945 -d 6 --directions All -t 5
2017-12-13 21:18:54	fisher:115830	INFO	vars : {'train_size': '0.2945', 'run_time': '5', 'ouput_path': '../results/chrom1/7-mer/data_ratio_1/', 'flank_size': 3, 'feature_dim': 6, 'seed': 1493876701, 'enu_prefix': '../data/ENU_variants/SNVs20151101_chrom1', 'directions': 'All', 'test_size': '0.2945', 'enu_ratio': 1, 'germline_prefix': '../data/germline_variants/mouse_germline_All_88_chrom1'}
2017-12-13 21:18:54	fisher:115830	INFO	random_number_seed_2 : 1493876702
2017-12-13 21:18:54	fisher:115830	INFO	ENU_input_file : ../data/ENU_variants/SNVs20151101_chrom1.txt
2017-12-13 21:18:54	fisher:115830	INFO	germline_input_file : ../data/germline_variants/mouse_germline_All_88_chrom1.txt
2017-12-13 21:18:54	fisher:115830	INFO	training_file_path : ../results/chrom1/7-mer/data_ratio_1/direction_All/6_way_samples/train_size_10255/sample_2/training_2.csv.gz
2017-12-13 21:20:17	fisher:115830	INFO	testing_file_path : ../results/chrom1/7-mer/data_ratio_1/direction_All/6_way_samples/train_size_10255/sample_2/testing_2.csv.gz
2017-12-13 21:26:19	fisher:115830	INFO	system_details : system=#83-Ubuntu SMP Wed Jan 18 14:10:15 UTC 2017
2017-12-13 21:26:19	fisher:115830	INFO	python : 3.5.2
2017-12-13 21:26:19	fisher:115830	INFO	user : yicheng
2017-12-13 21:26:19	fisher:115830	INFO	command_string : sample_train_test.py -e ../data/ENU_variants/SNVs20151101_chrom1 -g ../data/germline_variants/mouse_germline_All_88_chrom1 -o ../results/chrom1/7-mer/data_ratio_1/ -S 1493876701 -f 3 --train_size 0.2945 --test_size 0.2945 -d 6 --directions All -t 5
2017-12-13 21:26:19	fisher:115830	INFO	vars : {'train_size': '0.2945', 'run_time': '5', 'ouput_path': '../results/chrom1/7-mer/data_ratio_1/', 'flank_size': 3, 'feature_dim': 6, 'seed': 1493876701, 'enu_prefix': '../data/ENU_variants/SNVs20151101_chrom1', 'directions': 'All', 'test_size': '0.2945', 'enu_ratio': 1, 'germline_prefix': '../data/germline_variants/mouse_germline_All_88_chrom1'}
2017-12-13 21:26:19	fisher:115830	INFO	random_number_seed_3 : 1493876704
2017-12-13 21:26:19	fisher:115830	INFO	ENU_input_file : ../data/ENU_variants/SNVs20151101_chrom1.txt
2017-12-13 21:26:19	fisher:115830	INFO	germline_input_file : ../data/germline_variants/mouse_germline_All_88_chrom1.txt
2017-12-13 21:26:19	fisher:115830	INFO	training_file_path : ../results/chrom1/7-mer/data_ratio_1/direction_All/6_way_samples/train_size_10255/sample_3/training_3.csv.gz
2017-12-13 21:27:59	fisher:115830	INFO	testing_file_path : ../results/chrom1/7-mer/data_ratio_1/direction_All/6_way_samples/train_size_10255/sample_3/testing_3.csv.gz
2017-12-13 21:34:43	fisher:115830	INFO	system_details : system=#83-Ubuntu SMP Wed Jan 18 14:10:15 UTC 2017
2017-12-13 21:34:43	fisher:115830	INFO	python : 3.5.2
2017-12-13 21:34:43	fisher:115830	INFO	user : yicheng
2017-12-13 21:34:43	fisher:115830	INFO	command_string : sample_train_test.py -e ../data/ENU_variants/SNVs20151101_chrom1 -g ../data/germline_variants/mouse_germline_All_88_chrom1 -o ../results/chrom1/7-mer/data_ratio_1/ -S 1493876701 -f 3 --train_size 0.2945 --test_size 0.2945 -d 6 --directions All -t 5
2017-12-13 21:34:43	fisher:115830	INFO	vars : {'train_size': '0.2945', 'run_time': '5', 'ouput_path': '../results/chrom1/7-mer/data_ratio_1/', 'flank_size': 3, 'feature_dim': 6, 'seed': 1493876701, 'enu_prefix': '../data/ENU_variants/SNVs20151101_chrom1', 'directions': 'All', 'test_size': '0.2945', 'enu_ratio': 1, 'germline_prefix': '../data/germline_variants/mouse_germline_All_88_chrom1'}
2017-12-13 21:34:43	fisher:115830	INFO	random_number_seed_4 : 1493876707
2017-12-13 21:34:43	fisher:115830	INFO	ENU_input_file : ../data/ENU_variants/SNVs20151101_chrom1.txt
2017-12-13 21:34:43	fisher:115830	INFO	germline_input_file : ../data/germline_variants/mouse_germline_All_88_chrom1.txt
2017-12-13 21:34:43	fisher:115830	INFO	training_file_path : ../results/chrom1/7-mer/data_ratio_1/direction_All/6_way_samples/train_size_10255/sample_4/training_4.csv.gz
2017-12-13 21:36:14	fisher:115830	INFO	testing_file_path : ../results/chrom1/7-mer/data_ratio_1/direction_All/6_way_samples/train_size_10255/sample_4/testing_4.csv.gz
2017-12-13 21:42:58	fisher:115830	INFO	system_details : system=#83-Ubuntu SMP Wed Jan 18 14:10:15 UTC 2017
2017-12-13 21:42:58	fisher:115830	INFO	python : 3.5.2
2017-12-13 21:42:58	fisher:115830	INFO	user : yicheng
2017-12-13 21:42:58	fisher:115830	INFO	command_string : sample_train_test.py -e ../data/ENU_variants/SNVs20151101_chrom1 -g ../data/germline_variants/mouse_germline_All_88_chrom1 -o ../results/chrom1/7-mer/data_ratio_1/ -S 1493876701 -f 3 --train_size 0.2945 --test_size 0.2945 -d 6 --directions All -t 5
2017-12-13 21:42:58	fisher:115830	INFO	vars : {'train_size': '0.2945', 'run_time': '5', 'ouput_path': '../results/chrom1/7-mer/data_ratio_1/', 'flank_size': 3, 'feature_dim': 6, 'seed': 1493876701, 'enu_prefix': '../data/ENU_variants/SNVs20151101_chrom1', 'directions': 'All', 'test_size': '0.2945', 'enu_ratio': 1, 'germline_prefix': '../data/germline_variants/mouse_germline_All_88_chrom1'}
2017-12-13 21:42:58	fisher:115830	INFO	random_number_seed_5 : 1493876711
2017-12-13 21:42:58	fisher:115830	INFO	ENU_input_file : ../data/ENU_variants/SNVs20151101_chrom1.txt
2017-12-13 21:42:58	fisher:115830	INFO	germline_input_file : ../data/germline_variants/mouse_germline_All_88_chrom1.txt
2017-12-13 21:42:58	fisher:115830	INFO	training_file_path : ../results/chrom1/7-mer/data_ratio_1/direction_All/6_way_samples/train_size_10255/sample_5/training_5.csv.gz
2017-12-13 21:44:30	fisher:115830	INFO	testing_file_path : ../results/chrom1/7-mer/data_ratio_1/direction_All/6_way_samples/train_size_10255/sample_5/testing_5.csv.gz
2017-12-13 21:45:57	fisher:115830	INFO	run duration (minutes) : 40.13
