2017-08-22 01:12:54	JCSMR027497.local:64113	INFO	system_details : system=Darwin Kernel Version 16.7.0: Thu Jun 15 17:36:27 PDT 2017; root:xnu-3789.70.16~2/RELEASE_X86_64
2017-08-22 01:12:54	JCSMR027497.local:64113	INFO	python : 3.5.2
2017-08-22 01:12:54	JCSMR027497.local:64113	INFO	user : yichengzhu
2017-08-22 01:12:54	JCSMR027497.local:64113	INFO	command_string : /Users/yichengzhu/miniconda3/envs/py35/bin/mutation_analysis nbr -1 ../data/ENU_variants/counts/autosomes/directions/freq_All-chrom_All-GC_All-AtoC.txt -2 ../data/ENU_variants/counts/sex_chroms/directions/freq_All-chrom_All-GC_All-AtoC.txt -o ../results/ENU_A_vs_X/directions/AtoC
2017-08-22 01:12:54	JCSMR027497.local:64113	INFO	vars : {'countsfile': '../data/ENU_variants/counts/autosomes/directions/freq_All-chrom_All-GC_All-AtoC.txt', 'format': 'pdf', 'outpath': '../results/ENU_A_vs_X/directions/AtoC', 'first_order': False, 'strand_symmetry': False, 'countsfile2': '../data/ENU_variants/counts/sex_chroms/directions/freq_All-chrom_All-GC_All-AtoC.txt', 'plot_cfg': None, 'dry_run': False, 'group_label': None, 'no_type3': False, 'group_ref': None, 'verbose': False}
2017-08-22 01:12:54	JCSMR027497.local:64113	INFO	countsfile1_path : /Users/yichengzhu/Desktop/Yicheng_Zhu/ENU_Project/data/ENU_variants/counts/autosomes/directions/freq_All-chrom_All-GC_All-AtoC.txt
2017-08-22 01:12:54	JCSMR027497.local:64113	INFO	countsfile1_path md5sum : 62103e26ef8d444d661fcd2575185666
2017-08-22 01:12:54	JCSMR027497.local:64113	INFO	countsfile2_path : /Users/yichengzhu/Desktop/Yicheng_Zhu/ENU_Project/data/ENU_variants/counts/sex_chroms/directions/freq_All-chrom_All-GC_All-AtoC.txt
2017-08-22 01:12:54	JCSMR027497.local:64113	INFO	countsfile2_path md5sum : 614ba39f86694daa143507e86ff6e798
2017-08-22 01:12:54	JCSMR027497.local:64113	INFO	group_counts : /Users/yichengzhu/Desktop/Yicheng_Zhu/ENU_Project/results/ENU_A_vs_X/directions/AtoC/group_counts_table.txt
2017-08-22 01:12:54	JCSMR027497.local:64113	INFO	group_counts md5sum : 24bb8c9ac75144873be9d6c92f1aa932
2017-08-22 01:12:55	JCSMR027497.local:64113	INFO	analysis1 : /Users/yichengzhu/Desktop/Yicheng_Zhu/ENU_Project/results/ENU_A_vs_X/directions/AtoC/1.json
2017-08-22 01:12:55	JCSMR027497.local:64113	INFO	analysis1 md5sum : 8214b57eb1c971bbf2bbcef5b98cafb7
2017-08-22 01:12:55	JCSMR027497.local:64113	INFO	analysis2 : /Users/yichengzhu/Desktop/Yicheng_Zhu/ENU_Project/results/ENU_A_vs_X/directions/AtoC/2.json
2017-08-22 01:12:55	JCSMR027497.local:64113	INFO	analysis2 md5sum : 457154b55fb981aceaa40d79bc41915c
2017-08-22 01:12:57	JCSMR027497.local:64113	INFO	analysis3 : /Users/yichengzhu/Desktop/Yicheng_Zhu/ENU_Project/results/ENU_A_vs_X/directions/AtoC/3.json
2017-08-22 01:12:57	JCSMR027497.local:64113	INFO	analysis3 md5sum : acc2d33dbe7210d5aeca2cc083ccbe36
2017-08-22 01:13:15	JCSMR027497.local:64113	INFO	analysis4 : /Users/yichengzhu/Desktop/Yicheng_Zhu/ENU_Project/results/ENU_A_vs_X/directions/AtoC/4.json
2017-08-22 01:13:15	JCSMR027497.local:64113	INFO	analysis4 md5sum : 077ac1dc306e2cdb9190b4674ca82a8f
2017-08-22 01:13:17	JCSMR027497.local:64113	INFO	summary : /Users/yichengzhu/Desktop/Yicheng_Zhu/ENU_Project/results/ENU_A_vs_X/directions/AtoC/summary.txt
2017-08-22 01:13:17	JCSMR027497.local:64113	INFO	summary md5sum : 1f6f2589261f2e0940335787cf95063c
