2017-12-13 16:20:43	fisher:21801	INFO	system_details : system=#83-Ubuntu SMP Wed Jan 18 14:10:15 UTC 2017
2017-12-13 16:20:43	fisher:21801	INFO	python : 3.5.2
2017-12-13 16:20:43	fisher:21801	INFO	user : yicheng
2017-12-13 16:20:43	fisher:21801	INFO	command_string : sample_train_test.py -e ../data/ENU_variants/SNVs20151101_chrom1 -g ../data/germline_variants/mouse_germline_All_88_chrom1 -o ../results/chrom1/7-mer/data_ratio_1/ -S 1493876701 -f 3 --train_size 0.1178 --test_size 0.1178 -d 1 --directions All -t 5
2017-12-13 16:20:43	fisher:21801	INFO	vars : {'test_size': '0.1178', 'ouput_path': '../results/chrom1/7-mer/data_ratio_1/', 'directions': 'All', 'train_size': '0.1178', 'run_time': '5', 'enu_prefix': '../data/ENU_variants/SNVs20151101_chrom1', 'seed': 1493876701, 'feature_dim': 1, 'germline_prefix': '../data/germline_variants/mouse_germline_All_88_chrom1', 'flank_size': 3, 'enu_ratio': 1}
2017-12-13 16:20:43	fisher:21801	INFO	random_number_seed_2 : 1493876702
2017-12-13 16:20:43	fisher:21801	INFO	ENU_input_file : ../data/ENU_variants/SNVs20151101_chrom1.txt
2017-12-13 16:20:43	fisher:21801	INFO	germline_input_file : ../data/germline_variants/mouse_germline_All_88_chrom1.txt
2017-12-13 16:20:43	fisher:21801	INFO	training_file_path : ../results/chrom1/7-mer/data_ratio_1/direction_All/1_way_samples/train_size_4101/sample_2/training_2.csv.gz
2017-12-13 16:20:43	fisher:21801	INFO	testing_file_path : ../results/chrom1/7-mer/data_ratio_1/direction_All/1_way_samples/train_size_4101/sample_2/testing_2.csv.gz
2017-12-13 16:20:44	fisher:21801	INFO	system_details : system=#83-Ubuntu SMP Wed Jan 18 14:10:15 UTC 2017
2017-12-13 16:20:44	fisher:21801	INFO	python : 3.5.2
2017-12-13 16:20:44	fisher:21801	INFO	user : yicheng
2017-12-13 16:20:44	fisher:21801	INFO	command_string : sample_train_test.py -e ../data/ENU_variants/SNVs20151101_chrom1 -g ../data/germline_variants/mouse_germline_All_88_chrom1 -o ../results/chrom1/7-mer/data_ratio_1/ -S 1493876701 -f 3 --train_size 0.1178 --test_size 0.1178 -d 1 --directions All -t 5
2017-12-13 16:20:44	fisher:21801	INFO	vars : {'test_size': '0.1178', 'ouput_path': '../results/chrom1/7-mer/data_ratio_1/', 'directions': 'All', 'train_size': '0.1178', 'run_time': '5', 'enu_prefix': '../data/ENU_variants/SNVs20151101_chrom1', 'seed': 1493876701, 'feature_dim': 1, 'germline_prefix': '../data/germline_variants/mouse_germline_All_88_chrom1', 'flank_size': 3, 'enu_ratio': 1}
2017-12-13 16:20:44	fisher:21801	INFO	random_number_seed_3 : 1493876704
2017-12-13 16:20:44	fisher:21801	INFO	ENU_input_file : ../data/ENU_variants/SNVs20151101_chrom1.txt
2017-12-13 16:20:44	fisher:21801	INFO	germline_input_file : ../data/germline_variants/mouse_germline_All_88_chrom1.txt
2017-12-13 16:20:44	fisher:21801	INFO	training_file_path : ../results/chrom1/7-mer/data_ratio_1/direction_All/1_way_samples/train_size_4101/sample_3/training_3.csv.gz
2017-12-13 16:20:45	fisher:21801	INFO	testing_file_path : ../results/chrom1/7-mer/data_ratio_1/direction_All/1_way_samples/train_size_4101/sample_3/testing_3.csv.gz
2017-12-13 16:20:46	fisher:21801	INFO	system_details : system=#83-Ubuntu SMP Wed Jan 18 14:10:15 UTC 2017
2017-12-13 16:20:46	fisher:21801	INFO	python : 3.5.2
2017-12-13 16:20:46	fisher:21801	INFO	user : yicheng
2017-12-13 16:20:46	fisher:21801	INFO	command_string : sample_train_test.py -e ../data/ENU_variants/SNVs20151101_chrom1 -g ../data/germline_variants/mouse_germline_All_88_chrom1 -o ../results/chrom1/7-mer/data_ratio_1/ -S 1493876701 -f 3 --train_size 0.1178 --test_size 0.1178 -d 1 --directions All -t 5
2017-12-13 16:20:46	fisher:21801	INFO	vars : {'test_size': '0.1178', 'ouput_path': '../results/chrom1/7-mer/data_ratio_1/', 'directions': 'All', 'train_size': '0.1178', 'run_time': '5', 'enu_prefix': '../data/ENU_variants/SNVs20151101_chrom1', 'seed': 1493876701, 'feature_dim': 1, 'germline_prefix': '../data/germline_variants/mouse_germline_All_88_chrom1', 'flank_size': 3, 'enu_ratio': 1}
2017-12-13 16:20:46	fisher:21801	INFO	random_number_seed_4 : 1493876707
2017-12-13 16:20:46	fisher:21801	INFO	ENU_input_file : ../data/ENU_variants/SNVs20151101_chrom1.txt
2017-12-13 16:20:46	fisher:21801	INFO	germline_input_file : ../data/germline_variants/mouse_germline_All_88_chrom1.txt
2017-12-13 16:20:46	fisher:21801	INFO	training_file_path : ../results/chrom1/7-mer/data_ratio_1/direction_All/1_way_samples/train_size_4101/sample_4/training_4.csv.gz
2017-12-13 16:20:46	fisher:21801	INFO	testing_file_path : ../results/chrom1/7-mer/data_ratio_1/direction_All/1_way_samples/train_size_4101/sample_4/testing_4.csv.gz
2017-12-13 16:20:47	fisher:21801	INFO	system_details : system=#83-Ubuntu SMP Wed Jan 18 14:10:15 UTC 2017
2017-12-13 16:20:47	fisher:21801	INFO	python : 3.5.2
2017-12-13 16:20:47	fisher:21801	INFO	user : yicheng
2017-12-13 16:20:47	fisher:21801	INFO	command_string : sample_train_test.py -e ../data/ENU_variants/SNVs20151101_chrom1 -g ../data/germline_variants/mouse_germline_All_88_chrom1 -o ../results/chrom1/7-mer/data_ratio_1/ -S 1493876701 -f 3 --train_size 0.1178 --test_size 0.1178 -d 1 --directions All -t 5
2017-12-13 16:20:47	fisher:21801	INFO	vars : {'test_size': '0.1178', 'ouput_path': '../results/chrom1/7-mer/data_ratio_1/', 'directions': 'All', 'train_size': '0.1178', 'run_time': '5', 'enu_prefix': '../data/ENU_variants/SNVs20151101_chrom1', 'seed': 1493876701, 'feature_dim': 1, 'germline_prefix': '../data/germline_variants/mouse_germline_All_88_chrom1', 'flank_size': 3, 'enu_ratio': 1}
2017-12-13 16:20:47	fisher:21801	INFO	random_number_seed_5 : 1493876711
2017-12-13 16:20:47	fisher:21801	INFO	ENU_input_file : ../data/ENU_variants/SNVs20151101_chrom1.txt
2017-12-13 16:20:47	fisher:21801	INFO	germline_input_file : ../data/germline_variants/mouse_germline_All_88_chrom1.txt
2017-12-13 16:20:47	fisher:21801	INFO	training_file_path : ../results/chrom1/7-mer/data_ratio_1/direction_All/1_way_samples/train_size_4101/sample_5/training_5.csv.gz
2017-12-13 16:20:47	fisher:21801	INFO	testing_file_path : ../results/chrom1/7-mer/data_ratio_1/direction_All/1_way_samples/train_size_4101/sample_5/testing_5.csv.gz
2017-12-13 16:20:48	fisher:21801	INFO	run duration (minutes) : 0.11
