2017-08-22 01:19:02	JCSMR027497.local:64288	INFO	system_details : system=Darwin Kernel Version 16.7.0: Thu Jun 15 17:36:27 PDT 2017; root:xnu-3789.70.16~2/RELEASE_X86_64
2017-08-22 01:19:02	JCSMR027497.local:64288	INFO	python : 3.5.2
2017-08-22 01:19:02	JCSMR027497.local:64288	INFO	user : yichengzhu
2017-08-22 01:19:02	JCSMR027497.local:64288	INFO	command_string : /Users/yichengzhu/miniconda3/envs/py35/bin/mutation_analysis nbr -1 ../data/germline_variants/counts/autosomes/directions/freq_All-chrom_All-GC_All-GtoC.txt -2 ../data/germline_variants/counts/sex_chroms/directions/freq_All-chrom_All-GC_All-GtoC.txt -o ../results/germline_A_vs_X/directions/GtoC
2017-08-22 01:19:02	JCSMR027497.local:64288	INFO	vars : {'format': 'pdf', 'countsfile2': '../data/germline_variants/counts/sex_chroms/directions/freq_All-chrom_All-GC_All-GtoC.txt', 'outpath': '../results/germline_A_vs_X/directions/GtoC', 'first_order': False, 'group_ref': None, 'strand_symmetry': False, 'countsfile': '../data/germline_variants/counts/autosomes/directions/freq_All-chrom_All-GC_All-GtoC.txt', 'no_type3': False, 'plot_cfg': None, 'verbose': False, 'dry_run': False, 'group_label': None}
2017-08-22 01:19:02	JCSMR027497.local:64288	INFO	countsfile1_path : /Users/yichengzhu/Desktop/Yicheng_Zhu/ENU_Project/data/germline_variants/counts/autosomes/directions/freq_All-chrom_All-GC_All-GtoC.txt
2017-08-22 01:19:02	JCSMR027497.local:64288	INFO	countsfile1_path md5sum : f40452709bf202fbf3f1d45c0836c386
2017-08-22 01:19:02	JCSMR027497.local:64288	INFO	countsfile2_path : /Users/yichengzhu/Desktop/Yicheng_Zhu/ENU_Project/data/germline_variants/counts/sex_chroms/directions/freq_All-chrom_All-GC_All-GtoC.txt
2017-08-22 01:19:02	JCSMR027497.local:64288	INFO	countsfile2_path md5sum : b3388843e5e992dc84fd00fcfa1997c1
2017-08-22 01:19:02	JCSMR027497.local:64288	INFO	group_counts : /Users/yichengzhu/Desktop/Yicheng_Zhu/ENU_Project/results/germline_A_vs_X/directions/GtoC/group_counts_table.txt
2017-08-22 01:19:02	JCSMR027497.local:64288	INFO	group_counts md5sum : 60a5bcf281e884b90404bc0863f839c2
2017-08-22 01:19:02	JCSMR027497.local:64288	INFO	analysis1 : /Users/yichengzhu/Desktop/Yicheng_Zhu/ENU_Project/results/germline_A_vs_X/directions/GtoC/1.json
2017-08-22 01:19:02	JCSMR027497.local:64288	INFO	analysis1 md5sum : 4738ee30a7cb5eabcf3555a6d97843bf
2017-08-22 01:19:02	JCSMR027497.local:64288	INFO	analysis2 : /Users/yichengzhu/Desktop/Yicheng_Zhu/ENU_Project/results/germline_A_vs_X/directions/GtoC/2.json
2017-08-22 01:19:02	JCSMR027497.local:64288	INFO	analysis2 md5sum : 5b22ac2ac067ca858810b74129b04b12
2017-08-22 01:19:05	JCSMR027497.local:64288	INFO	analysis3 : /Users/yichengzhu/Desktop/Yicheng_Zhu/ENU_Project/results/germline_A_vs_X/directions/GtoC/3.json
2017-08-22 01:19:05	JCSMR027497.local:64288	INFO	analysis3 md5sum : 0a23bd8eb2f379c5643f9f31b7904171
2017-08-22 01:19:25	JCSMR027497.local:64288	INFO	analysis4 : /Users/yichengzhu/Desktop/Yicheng_Zhu/ENU_Project/results/germline_A_vs_X/directions/GtoC/4.json
2017-08-22 01:19:25	JCSMR027497.local:64288	INFO	analysis4 md5sum : f3b13f0d5acadc94c1270a463fc4a307
2017-08-22 01:19:27	JCSMR027497.local:64288	INFO	summary : /Users/yichengzhu/Desktop/Yicheng_Zhu/ENU_Project/results/germline_A_vs_X/directions/GtoC/summary.txt
2017-08-22 01:19:27	JCSMR027497.local:64288	INFO	summary md5sum : 1ebec0fe4d11468cc192d0fc23ee032f
