2017-12-13 23:03:19	fisher:31433	INFO	system_details : system=#83-Ubuntu SMP Wed Jan 18 14:10:15 UTC 2017
2017-12-13 23:03:19	fisher:31433	INFO	python : 3.5.2
2017-12-13 23:03:19	fisher:31433	INFO	user : yicheng
2017-12-13 23:03:19	fisher:31433	INFO	command_string : sample_train_test.py -e ../data/ENU_variants/SNVs20151101_chrom1 -g ../data/germline_variants/mouse_germline_All_88_chrom1 -o ../results/chrom1/7-mer/data_ratio_1/ -S 1493876701 -f 3 --train_size 0.4712 --test_size 0.4712 -d 6 --directions All -t 5
2017-12-13 23:03:19	fisher:31433	INFO	vars : {'ouput_path': '../results/chrom1/7-mer/data_ratio_1/', 'run_time': '5', 'feature_dim': 6, 'train_size': '0.4712', 'test_size': '0.4712', 'seed': 1493876701, 'enu_prefix': '../data/ENU_variants/SNVs20151101_chrom1', 'flank_size': 3, 'germline_prefix': '../data/germline_variants/mouse_germline_All_88_chrom1', 'directions': 'All', 'enu_ratio': 1}
2017-12-13 23:03:19	fisher:31433	INFO	random_number_seed_4 : 1493876707
2017-12-13 23:03:19	fisher:31433	INFO	ENU_input_file : ../data/ENU_variants/SNVs20151101_chrom1.txt
2017-12-13 23:03:19	fisher:31433	INFO	germline_input_file : ../data/germline_variants/mouse_germline_All_88_chrom1.txt
2017-12-13 23:03:19	fisher:31433	INFO	training_file_path : ../results/chrom1/7-mer/data_ratio_1/direction_All/6_way_samples/train_size_16408/sample_4/training_4.csv.gz
2017-12-13 23:06:08	fisher:31433	INFO	testing_file_path : ../results/chrom1/7-mer/data_ratio_1/direction_All/6_way_samples/train_size_16408/sample_4/testing_4.csv.gz
2017-12-13 23:28:29	fisher:31433	INFO	system_details : system=#83-Ubuntu SMP Wed Jan 18 14:10:15 UTC 2017
2017-12-13 23:28:29	fisher:31433	INFO	python : 3.5.2
2017-12-13 23:28:29	fisher:31433	INFO	user : yicheng
2017-12-13 23:28:29	fisher:31433	INFO	command_string : sample_train_test.py -e ../data/ENU_variants/SNVs20151101_chrom1 -g ../data/germline_variants/mouse_germline_All_88_chrom1 -o ../results/chrom1/7-mer/data_ratio_1/ -S 1493876701 -f 3 --train_size 0.4712 --test_size 0.4712 -d 6 --directions All -t 5
2017-12-13 23:28:29	fisher:31433	INFO	vars : {'ouput_path': '../results/chrom1/7-mer/data_ratio_1/', 'run_time': '5', 'feature_dim': 6, 'train_size': '0.4712', 'test_size': '0.4712', 'seed': 1493876701, 'enu_prefix': '../data/ENU_variants/SNVs20151101_chrom1', 'flank_size': 3, 'germline_prefix': '../data/germline_variants/mouse_germline_All_88_chrom1', 'directions': 'All', 'enu_ratio': 1}
2017-12-13 23:28:29	fisher:31433	INFO	random_number_seed_5 : 1493876711
2017-12-13 23:28:29	fisher:31433	INFO	ENU_input_file : ../data/ENU_variants/SNVs20151101_chrom1.txt
2017-12-13 23:28:29	fisher:31433	INFO	germline_input_file : ../data/germline_variants/mouse_germline_All_88_chrom1.txt
2017-12-13 23:28:29	fisher:31433	INFO	training_file_path : ../results/chrom1/7-mer/data_ratio_1/direction_All/6_way_samples/train_size_16408/sample_5/training_5.csv.gz
2017-12-13 23:31:34	fisher:31433	INFO	testing_file_path : ../results/chrom1/7-mer/data_ratio_1/direction_All/6_way_samples/train_size_16408/sample_5/testing_5.csv.gz
2017-12-13 23:34:11	fisher:31433	INFO	run duration (minutes) : 108.22
